./cncdata/data/M01/OP00/good/M01_Feb_2021_OP00_009.h5
./cncdata/data/M01/OP00/good/M01_Feb_2021_OP00_008.h5
./cncdata/data/M01/OP00/good/M01_Feb_2021_OP00_007.h5
./cncdata/data/M01/OP00/good/M01_Feb_2021_OP00_006.h5
./cncdata/data/M01/OP00/good/M01_Feb_2021_OP00_005.h5
./cncdata/data/M01/OP00/good/M01_Feb_2021_OP00_004.h5
./cncdata/data/M01/OP00/good/M01_Feb_2021_OP00_003.h5
./cncdata/data/M01/OP00/good/M01_Feb_2020_OP00_002.h5
./cncdata/data/M01/OP00/good/M01_Feb_2020_OP00_001.h5
./cncdata/data/M01/OP00/good/M01_Feb_2019_OP00_004.h5
./cncdata/data/M01/OP00/good/M01_Feb_2019_OP00_003.h5
./cncdata/data/M01/OP00/good/M01_Feb_2019_OP00_002.h5
./cncdata/data/M01/OP00/good/M01_Feb_2019_OP00_001.h5
./cncdata/data/M01/OP00/good/M01_Feb_2019_OP00_000.h5
./cncdata/data/M01/OP00/good/M01_Aug_2021_OP00_003.h5
./cncdata/data/M01/OP00/good/M01_Aug_2021_OP00_002.h5
./cncdata/data/M01/OP00/good/M01_Aug_2019_OP00_013.h5
./cncdata/data/M01/OP00/good/M01_Aug_2019_OP00_012.h5
./cncdata/data/M01/OP00/good/M01_Aug_2019_OP00_011.h5
./cncdata/data/M01/OP00/good/M01_Aug_2019_OP00_010.h5
./cncdata/data/M01/OP00/good/M01_Aug_2019_OP00_009.h5
./cncdata/data/M01/OP00/good/M01_Aug_2019_OP00_008.h5
./cncdata/data/M01/OP00/good/M01_Aug_2019_OP00_007.h5
./cncdata/data/M01/OP00/good/M01_Aug_2019_OP00_006.h5
./cncdata/data/M01/OP00/good/M01_Aug_2019_OP00_005.h5
./cncdata/data/M01/OP00/good/M01_Aug_2019_OP00_004.h5
./cncdata/data/M01/OP00/good/M01_Aug_2019_OP00_003.h5
./cncdata/data/M01/OP00/good/M01_Aug_2019_OP00_001.h5
./cncdata/data/M01/OP00/good/M01_Aug_2019_OP00_000.h5
./cncdata/data/M01/OP09/good/M01_Feb_2021_OP09_008.h5
./cncdata/data/M01/OP09/good/M01_Feb_2021_OP09_007.h5
./cncdata/data/M01/OP09/good/M01_Feb_2021_OP09_006.h5
./cncdata/data/M01/OP09/good/M01_Feb_2021_OP09_005.h5
./cncdata/data/M01/OP09/good/M01_Feb_2021_OP09_004.h5
./cncdata/data/M01/OP09/good/M01_Feb_2021_OP09_003.h5
./cncdata/data/M01/OP09/good/M01_Feb_2021_OP09_002.h5
./cncdata/data/M01/OP09/good/M01_Feb_2021_OP09_001.h5
./cncdata/data/M01/OP09/good/M01_Feb_2021_OP09_000.h5
./cncdata/data/M01/OP09/good/M01_Feb_2020_OP09_003.h5
./cncdata/data/M01/OP09/good/M01_Feb_2020_OP09_002.h5
./cncdata/data/M01/OP09/good/M01_Feb_2020_OP09_001.h5
./cncdata/data/M01/OP09/good/M01_Feb_2020_OP09_000.h5
./cncdata/data/M01/OP09/good/M01_Feb_2019_OP09_002.h5
./cncdata/data/M01/OP09/good/M01_Feb_2019_OP09_001.h5
./cncdata/data/M01/OP09/good/M01_Feb_2019_OP09_000.h5
./cncdata/data/M01/OP09/good/M01_Aug_2021_OP09_001.h5
./cncdata/data/M01/OP09/good/M01_Aug_2021_OP09_000.h5
./cncdata/data/M01/OP09/good/M01_Aug_2019_OP09_016.h5
./cncdata/data/M01/OP09/good/M01_Aug_2019_OP09_015.h5
./cncdata/data/M01/OP09/good/M01_Aug_2019_OP09_014.h5
./cncdata/data/M01/OP09/good/M01_Aug_2019_OP09_013.h5
./cncdata/data/M01/OP09/good/M01_Aug_2019_OP09_012.h5
./cncdata/data/M01/OP09/good/M01_Aug_2019_OP09_011.h5
./cncdata/data/M01/OP09/good/M01_Aug_2019_OP09_010.h5
./cncdata/data/M01/OP09/good/M01_Aug_2019_OP09_009.h5
./cncdata/data/M01/OP09/good/M01_Aug_2019_OP09_008.h5
./cncdata/data/M01/OP09/good/M01_Aug_2019_OP09_007.h5
./cncdata/data/M01/OP09/good/M01_Aug_2019_OP09_006.h5
./cncdata/data/M01/OP09/good/M01_Aug_2019_OP09_005.h5
./cncdata/data/M01/OP09/good/M01_Aug_2019_OP09_004.h5
./cncdata/data/M01/OP09/good/M01_Aug_2019_OP09_003.h5
./cncdata/data/M01/OP09/good/M01_Aug_2019_OP09_002.h5
./cncdata/data/M01/OP09/good/M01_Aug_2019_OP09_001.h5
./cncdata/data/M01/OP09/good/M01_Aug_2019_OP09_000.h5
./cncdata/data/M01/OP09/bad/M01_Aug_2019_OP09_000.h5
./cncdata/data/M01/OP06/bad/M01_Aug_2021_OP06_002.h5
./cncdata/data/M01/OP06/bad/M01_Aug_2021_OP06_001.h5
./cncdata/data/M01/OP06/bad/M01_Aug_2021_OP06_000.h5
./cncdata/data/M01/OP06/bad/M01_Aug_2019_OP06_000.h5
./cncdata/data/M01/OP06/good/M01_Feb_2021_OP06_006.h5
./cncdata/data/M01/OP06/good/M01_Feb_2021_OP06_005.h5
./cncdata/data/M01/OP06/good/M01_Feb_2021_OP06_004.h5
./cncdata/data/M01/OP06/good/M01_Feb_2021_OP06_003.h5
./cncdata/data/M01/OP06/good/M01_Feb_2021_OP06_002.h5
./cncdata/data/M01/OP06/good/M01_Feb_2021_OP06_001.h5
./cncdata/data/M01/OP06/good/M01_Feb_2021_OP06_000.h5
./cncdata/data/M01/OP06/good/M01_Feb_2020_OP06_003.h5
./cncdata/data/M01/OP06/good/M01_Feb_2020_OP06_002.h5
./cncdata/data/M01/OP06/good/M01_Feb_2020_OP06_001.h5
./cncdata/data/M01/OP06/good/M01_Feb_2020_OP06_000.h5
./cncdata/data/M01/OP06/good/M01_Feb_2019_OP06_002.h5
./cncdata/data/M01/OP06/good/M01_Feb_2019_OP06_001.h5
./cncdata/data/M01/OP06/good/M01_Feb_2019_OP06_000.h5
./cncdata/data/M01/OP06/good/M01_Aug_2021_OP06_000.h5
./cncdata/data/M01/OP06/good/M01_Aug_2019_OP06_003.h5
./cncdata/data/M01/OP06/good/M01_Aug_2019_OP06_002.h5
./cncdata/data/M01/OP06/good/M01_Aug_2019_OP06_001.h5
./cncdata/data/M01/OP06/good/M01_Aug_2019_OP06_000.h5
./cncdata/data/M01/OP03/good/M01_Feb_2021_OP03_007.h5
./cncdata/data/M01/OP03/good/M01_Feb_2021_OP03_006.h5
./cncdata/data/M01/OP03/good/M01_Feb_2021_OP03_005.h5
./cncdata/data/M01/OP03/good/M01_Feb_2021_OP03_004.h5
./cncdata/data/M01/OP03/good/M01_Feb_2021_OP03_003.h5
./cncdata/data/M01/OP03/good/M01_Feb_2021_OP03_002.h5
./cncdata/data/M01/OP03/good/M01_Feb_2020_OP03_003.h5
./cncdata/data/M01/OP03/good/M01_Feb_2020_OP03_002.h5
./cncdata/data/M01/OP03/good/M01_Feb_2020_OP03_001.h5
./cncdata/data/M01/OP03/good/M01_Feb_2020_OP03_000.h5
./cncdata/data/M01/OP03/good/M01_Feb_2019_OP03_002.h5
./cncdata/data/M01/OP03/good/M01_Feb_2019_OP03_001.h5
./cncdata/data/M01/OP03/good/M01_Feb_2019_OP03_000.h5
./cncdata/data/M01/OP03/good/M01_Aug_2019_OP03_013.h5
./cncdata/data/M01/OP03/good/M01_Aug_2019_OP03_012.h5
./cncdata/data/M01/OP03/good/M01_Aug_2019_OP03_011.h5
./cncdata/data/M01/OP03/good/M01_Aug_2019_OP03_010.h5
./cncdata/data/M01/OP03/good/M01_Aug_2019_OP03_009.h5
./cncdata/data/M01/OP03/good/M01_Aug_2019_OP03_008.h5
./cncdata/data/M01/OP03/good/M01_Aug_2019_OP03_007.h5
./cncdata/data/M01/OP03/good/M01_Aug_2019_OP03_006.h5
./cncdata/data/M01/OP03/good/M01_Aug_2019_OP03_005.h5
./cncdata/data/M01/OP03/good/M01_Aug_2019_OP03_004.h5
./cncdata/data/M01/OP03/good/M01_Aug_2019_OP03_003.h5
./cncdata/data/M01/OP03/good/M01_Aug_2019_OP03_002.h5
./cncdata/data/M01/OP03/good/M01_Aug_2019_OP03_001.h5
./cncdata/data/M01/OP03/good/M01_Aug_2019_OP03_000.h5
./cncdata/data/M01/OP03/bad/M01_Aug_2019_OP03_000.h5
./cncdata/data/M01/OP04/good/M01_Feb_2021_OP04_011.h5
./cncdata/data/M01/OP04/good/M01_Feb_2021_OP04_010.h5
./cncdata/data/M01/OP04/good/M01_Feb_2021_OP04_009.h5
./cncdata/data/M01/OP04/good/M01_Feb_2021_OP04_008.h5
./cncdata/data/M01/OP04/good/M01_Feb_2021_OP04_007.h5
./cncdata/data/M01/OP04/good/M01_Feb_2021_OP04_006.h5
./cncdata/data/M01/OP04/good/M01_Feb_2021_OP04_005.h5
./cncdata/data/M01/OP04/good/M01_Feb_2021_OP04_004.h5
./cncdata/data/M01/OP04/good/M01_Feb_2021_OP04_003.h5
./cncdata/data/M01/OP04/good/M01_Feb_2021_OP04_002.h5
./cncdata/data/M01/OP04/good/M01_Feb_2021_OP04_001.h5
./cncdata/data/M01/OP04/good/M01_Feb_2021_OP04_000.h5
./cncdata/data/M01/OP04/good/M01_Feb_2019_OP04_004.h5
./cncdata/data/M01/OP04/good/M01_Feb_2019_OP04_003.h5
./cncdata/data/M01/OP04/good/M01_Feb_2019_OP04_002.h5
./cncdata/data/M01/OP04/good/M01_Feb_2019_OP04_001.h5
./cncdata/data/M01/OP04/good/M01_Feb_2019_OP04_000.h5
./cncdata/data/M01/OP04/good/M01_Aug_2021_OP04_001.h5
./cncdata/data/M01/OP04/good/M01_Aug_2021_OP04_000.h5
./cncdata/data/M01/OP04/good/M01_Aug_2019_OP04_014.h5
./cncdata/data/M01/OP04/good/M01_Aug_2019_OP04_013.h5
./cncdata/data/M01/OP04/good/M01_Aug_2019_OP04_012.h5
./cncdata/data/M01/OP04/good/M01_Aug_2019_OP04_011.h5
./cncdata/data/M01/OP04/good/M01_Aug_2019_OP04_010.h5
./cncdata/data/M01/OP04/good/M01_Aug_2019_OP04_009.h5
./cncdata/data/M01/OP04/good/M01_Aug_2019_OP04_008.h5
./cncdata/data/M01/OP04/good/M01_Aug_2019_OP04_007.h5
./cncdata/data/M01/OP04/good/M01_Aug_2019_OP04_006.h5
./cncdata/data/M01/OP04/good/M01_Aug_2019_OP04_005.h5
./cncdata/data/M01/OP04/good/M01_Aug_2019_OP04_004.h5
./cncdata/data/M01/OP04/good/M01_Aug_2019_OP04_003.h5
./cncdata/data/M01/OP04/good/M01_Aug_2019_OP04_002.h5
./cncdata/data/M01/OP04/good/M01_Aug_2019_OP04_001.h5
./cncdata/data/M01/OP04/good/M01_Aug_2019_OP04_000.h5
./cncdata/data/M01/OP04/bad/M01_Feb_2019_OP04_000.h5
./cncdata/data/M01/OP04/bad/M01_Aug_2019_OP04_000.h5
./cncdata/data/M01/OP11/bad/M01_Feb_2021_OP11_000.h5
./cncdata/data/M01/OP11/bad/M01_Feb_2019_OP11_002.h5
./cncdata/data/M01/OP11/bad/M01_Feb_2019_OP11_001.h5
./cncdata/data/M01/OP11/bad/M01_Feb_2019_OP11_000.h5
./cncdata/data/M01/OP11/good/M01_Feb_2021_OP11_008.h5
./cncdata/data/M01/OP11/good/M01_Feb_2021_OP11_007.h5
./cncdata/data/M01/OP11/good/M01_Feb_2021_OP11_002.h5
./cncdata/data/M01/OP11/good/M01_Feb_2021_OP11_001.h5
./cncdata/data/M01/OP11/good/M01_Feb_2021_OP11_000.h5
./cncdata/data/M01/OP11/good/M01_Feb_2020_OP11_003.h5
./cncdata/data/M01/OP11/good/M01_Feb_2020_OP11_002.h5
./cncdata/data/M01/OP11/good/M01_Feb_2020_OP11_001.h5
./cncdata/data/M01/OP11/good/M01_Feb_2020_OP11_000.h5
./cncdata/data/M01/OP11/good/M01_Feb_2019_OP11_002.h5
./cncdata/data/M01/OP11/good/M01_Feb_2019_OP11_001.h5
./cncdata/data/M01/OP11/good/M01_Feb_2019_OP11_000.h5
./cncdata/data/M01/OP11/good/M01_Aug_2021_OP11_000.h5
./cncdata/data/M01/OP11/good/M01_Aug_2019_OP11_003.h5
./cncdata/data/M01/OP11/good/M01_Aug_2019_OP11_002.h5
./cncdata/data/M01/OP11/good/M01_Aug_2019_OP11_001.h5
./cncdata/data/M01/OP11/good/M01_Aug_2019_OP11_000.h5
./cncdata/data/M01/OP12/good/M01_Feb_2021_OP12_008.h5
./cncdata/data/M01/OP12/good/M01_Feb_2021_OP12_007.h5
./cncdata/data/M01/OP12/good/M01_Feb_2021_OP12_006.h5
./cncdata/data/M01/OP12/good/M01_Feb_2021_OP12_005.h5
./cncdata/data/M01/OP12/good/M01_Feb_2021_OP12_004.h5
./cncdata/data/M01/OP12/good/M01_Feb_2021_OP12_003.h5
./cncdata/data/M01/OP12/good/M01_Feb_2021_OP12_002.h5
./cncdata/data/M01/OP12/good/M01_Feb_2021_OP12_001.h5
./cncdata/data/M01/OP12/good/M01_Feb_2021_OP12_000.h5
./cncdata/data/M01/OP12/good/M01_Feb_2020_OP12_003.h5
./cncdata/data/M01/OP12/good/M01_Feb_2020_OP12_002.h5
./cncdata/data/M01/OP12/good/M01_Feb_2020_OP12_001.h5
./cncdata/data/M01/OP12/good/M01_Feb_2020_OP12_000.h5
./cncdata/data/M01/OP12/good/M01_Feb_2019_OP12_002.h5
./cncdata/data/M01/OP12/good/M01_Feb_2019_OP12_001.h5
./cncdata/data/M01/OP12/good/M01_Feb_2019_OP12_000.h5
./cncdata/data/M01/OP12/good/M01_Aug_2019_OP12_017.h5
./cncdata/data/M01/OP12/good/M01_Aug_2019_OP12_016.h5
./cncdata/data/M01/OP12/good/M01_Aug_2019_OP12_015.h5
./cncdata/data/M01/OP12/good/M01_Aug_2019_OP12_014.h5
./cncdata/data/M01/OP12/good/M01_Aug_2019_OP12_013.h5
./cncdata/data/M01/OP12/good/M01_Aug_2019_OP12_012.h5
./cncdata/data/M01/OP12/good/M01_Aug_2019_OP12_011.h5
./cncdata/data/M01/OP12/good/M01_Aug_2019_OP12_010.h5
./cncdata/data/M01/OP12/good/M01_Aug_2019_OP12_009.h5
./cncdata/data/M01/OP12/good/M01_Aug_2019_OP12_008.h5
./cncdata/data/M01/OP12/good/M01_Aug_2019_OP12_007.h5
./cncdata/data/M01/OP12/good/M01_Aug_2019_OP12_006.h5
./cncdata/data/M01/OP12/good/M01_Aug_2019_OP12_005.h5
./cncdata/data/M01/OP12/good/M01_Aug_2019_OP12_004.h5
./cncdata/data/M01/OP12/good/M01_Aug_2019_OP12_003.h5
./cncdata/data/M01/OP12/good/M01_Aug_2019_OP12_002.h5
./cncdata/data/M01/OP12/good/M01_Aug_2019_OP12_001.h5
./cncdata/data/M01/OP12/good/M01_Aug_2019_OP12_000.h5
./cncdata/data/M01/OP12/bad/M01_Feb_2019_OP12_002.h5
./cncdata/data/M01/OP12/bad/M01_Feb_2019_OP12_001.h5
./cncdata/data/M01/OP12/bad/M01_Feb_2019_OP12_000.h5
./cncdata/data/M01/OP02/good/M01_Feb_2021_OP02_014.h5
./cncdata/data/M01/OP02/good/M01_Feb_2021_OP02_013.h5
./cncdata/data/M01/OP02/good/M01_Feb_2021_OP02_012.h5
./cncdata/data/M01/OP02/good/M01_Feb_2021_OP02_011.h5
./cncdata/data/M01/OP02/good/M01_Feb_2021_OP02_010.h5
./cncdata/data/M01/OP02/good/M01_Feb_2021_OP02_009.h5
./cncdata/data/M01/OP02/good/M01_Feb_2021_OP02_008.h5
./cncdata/data/M01/OP02/good/M01_Feb_2021_OP02_007.h5
./cncdata/data/M01/OP02/good/M01_Feb_2021_OP02_006.h5
./cncdata/data/M01/OP02/good/M01_Feb_2021_OP02_005.h5
./cncdata/data/M01/OP02/good/M01_Feb_2021_OP02_004.h5
./cncdata/data/M01/OP02/good/M01_Feb_2021_OP02_003.h5
./cncdata/data/M01/OP02/good/M01_Feb_2021_OP02_002.h5
./cncdata/data/M01/OP02/good/M01_Feb_2021_OP02_001.h5
./cncdata/data/M01/OP02/good/M01_Feb_2021_OP02_000.h5
./cncdata/data/M01/OP02/good/M01_Feb_2020_OP02_003.h5
./cncdata/data/M01/OP02/good/M01_Feb_2020_OP02_002.h5
./cncdata/data/M01/OP02/good/M01_Feb_2020_OP02_001.h5
./cncdata/data/M01/OP02/good/M01_Feb_2020_OP02_000.h5
./cncdata/data/M01/OP02/good/M01_Feb_2019_OP02_004.h5
./cncdata/data/M01/OP02/good/M01_Feb_2019_OP02_003.h5
./cncdata/data/M01/OP02/good/M01_Feb_2019_OP02_002.h5
./cncdata/data/M01/OP02/good/M01_Feb_2019_OP02_001.h5
./cncdata/data/M01/OP02/good/M01_Feb_2019_OP02_000.h5
./cncdata/data/M01/OP02/good/M01_Aug_2021_OP02_004.h5
./cncdata/data/M01/OP02/good/M01_Aug_2021_OP02_003.h5
./cncdata/data/M01/OP02/good/M01_Aug_2021_OP02_002.h5
./cncdata/data/M01/OP02/good/M01_Aug_2021_OP02_001.h5
./cncdata/data/M01/OP02/good/M01_Aug_2021_OP02_000.h5
./cncdata/data/M01/OP02/good/M01_Aug_2019_OP02_015.h5
./cncdata/data/M01/OP02/good/M01_Aug_2019_OP02_014.h5
./cncdata/data/M01/OP02/good/M01_Aug_2019_OP02_013.h5
./cncdata/data/M01/OP02/good/M01_Aug_2019_OP02_012.h5
./cncdata/data/M01/OP02/good/M01_Aug_2019_OP02_011.h5
./cncdata/data/M01/OP02/good/M01_Aug_2019_OP02_010.h5
./cncdata/data/M01/OP02/good/M01_Aug_2019_OP02_009.h5
./cncdata/data/M01/OP02/good/M01_Aug_2019_OP02_008.h5
./cncdata/data/M01/OP02/good/M01_Aug_2019_OP02_007.h5
./cncdata/data/M01/OP02/good/M01_Aug_2019_OP02_006.h5
./cncdata/data/M01/OP02/good/M01_Aug_2019_OP02_005.h5
./cncdata/data/M01/OP02/good/M01_Aug_2019_OP02_004.h5
./cncdata/data/M01/OP02/good/M01_Aug_2019_OP02_003.h5
./cncdata/data/M01/OP02/good/M01_Aug_2019_OP02_002.h5
./cncdata/data/M01/OP02/good/M01_Aug_2019_OP02_001.h5
./cncdata/data/M01/OP02/good/M01_Aug_2019_OP02_000.h5
./cncdata/data/M01/OP02/bad/M01_Feb_2019_OP02_000.h5
./cncdata/data/M01/OP10/good/M01_Feb_2021_OP10_007.h5
./cncdata/data/M01/OP10/good/M01_Feb_2021_OP10_006.h5
./cncdata/data/M01/OP10/good/M01_Feb_2021_OP10_005.h5
./cncdata/data/M01/OP10/good/M01_Feb_2021_OP10_004.h5
./cncdata/data/M01/OP10/good/M01_Feb_2021_OP10_003.h5
./cncdata/data/M01/OP10/good/M01_Feb_2021_OP10_002.h5
./cncdata/data/M01/OP10/good/M01_Feb_2021_OP10_001.h5
./cncdata/data/M01/OP10/good/M01_Feb_2021_OP10_000.h5
./cncdata/data/M01/OP10/good/M01_Feb_2020_OP10_003.h5
./cncdata/data/M01/OP10/good/M01_Feb_2020_OP10_002.h5
./cncdata/data/M01/OP10/good/M01_Feb_2020_OP10_001.h5
./cncdata/data/M01/OP10/good/M01_Feb_2020_OP10_000.h5
./cncdata/data/M01/OP10/good/M01_Feb_2019_OP10_002.h5
./cncdata/data/M01/OP10/good/M01_Feb_2019_OP10_001.h5
./cncdata/data/M01/OP10/good/M01_Feb_2019_OP10_000.h5
./cncdata/data/M01/OP10/good/M01_Aug_2019_OP10_013.h5
./cncdata/data/M01/OP10/good/M01_Aug_2019_OP10_012.h5
./cncdata/data/M01/OP10/good/M01_Aug_2019_OP10_011.h5
./cncdata/data/M01/OP10/good/M01_Aug_2019_OP10_010.h5
./cncdata/data/M01/OP10/good/M01_Aug_2019_OP10_009.h5
./cncdata/data/M01/OP10/good/M01_Aug_2019_OP10_008.h5
./cncdata/data/M01/OP10/good/M01_Aug_2019_OP10_007.h5
./cncdata/data/M01/OP10/good/M01_Aug_2019_OP10_006.h5
./cncdata/data/M01/OP10/good/M01_Aug_2019_OP10_005.h5
./cncdata/data/M01/OP10/good/M01_Aug_2019_OP10_004.h5
./cncdata/data/M01/OP10/good/M01_Aug_2019_OP10_003.h5
./cncdata/data/M01/OP10/good/M01_Aug_2019_OP10_002.h5
./cncdata/data/M01/OP10/good/M01_Aug_2019_OP10_001.h5
./cncdata/data/M01/OP10/good/M01_Aug_2019_OP10_000.h5
./cncdata/data/M01/OP10/bad/M01_Feb_2019_OP10_002.h5
./cncdata/data/M01/OP10/bad/M01_Feb_2019_OP10_001.h5
./cncdata/data/M01/OP10/bad/M01_Feb_2019_OP10_000.h5
./cncdata/data/M01/OP10/bad/M01_Aug_2021_OP10_000.h5
./cncdata/data/M01/OP08/good/M01_Feb_2021_OP08_008.h5
./cncdata/data/M01/OP08/good/M01_Feb_2021_OP08_007.h5
./cncdata/data/M01/OP08/good/M01_Feb_2021_OP08_006.h5
./cncdata/data/M01/OP08/good/M01_Feb_2021_OP08_005.h5
./cncdata/data/M01/OP08/good/M01_Feb_2021_OP08_004.h5
./cncdata/data/M01/OP08/good/M01_Feb_2021_OP08_003.h5
./cncdata/data/M01/OP08/good/M01_Feb_2021_OP08_002.h5
./cncdata/data/M01/OP08/good/M01_Feb_2021_OP08_001.h5
./cncdata/data/M01/OP08/good/M01_Feb_2021_OP08_000.h5
./cncdata/data/M01/OP08/good/M01_Feb_2020_OP08_003.h5
./cncdata/data/M01/OP08/good/M01_Feb_2020_OP08_002.h5
./cncdata/data/M01/OP08/good/M01_Feb_2020_OP08_001.h5
./cncdata/data/M01/OP08/good/M01_Feb_2020_OP08_000.h5
./cncdata/data/M01/OP08/good/M01_Feb_2019_OP08_002.h5
./cncdata/data/M01/OP08/good/M01_Feb_2019_OP08_001.h5
./cncdata/data/M01/OP08/good/M01_Feb_2019_OP08_000.h5
./cncdata/data/M01/OP08/good/M01_Aug_2021_OP08_000.h5
./cncdata/data/M01/OP08/good/M01_Aug_2019_OP08_013.h5
./cncdata/data/M01/OP08/good/M01_Aug_2019_OP08_012.h5
./cncdata/data/M01/OP08/good/M01_Aug_2019_OP08_011.h5
./cncdata/data/M01/OP08/good/M01_Aug_2019_OP08_010.h5
./cncdata/data/M01/OP08/good/M01_Aug_2019_OP08_009.h5
./cncdata/data/M01/OP08/good/M01_Aug_2019_OP08_008.h5
./cncdata/data/M01/OP08/good/M01_Aug_2019_OP08_007.h5
./cncdata/data/M01/OP08/good/M01_Aug_2019_OP08_006.h5
./cncdata/data/M01/OP08/good/M01_Aug_2019_OP08_005.h5
./cncdata/data/M01/OP08/good/M01_Aug_2019_OP08_004.h5
./cncdata/data/M01/OP08/good/M01_Aug_2019_OP08_003.h5
./cncdata/data/M01/OP08/good/M01_Aug_2019_OP08_002.h5
./cncdata/data/M01/OP08/good/M01_Aug_2019_OP08_001.h5
./cncdata/data/M01/OP08/good/M01_Aug_2019_OP08_000.h5
./cncdata/data/M01/OP08/bad/M01_Feb_2019_OP08_002.h5
./cncdata/data/M01/OP08/bad/M01_Feb_2019_OP08_001.h5
./cncdata/data/M01/OP08/bad/M01_Feb_2019_OP08_000.h5
./cncdata/data/M01/OP01/good/M01_Feb_2021_OP01_014.h5
./cncdata/data/M01/OP01/good/M01_Feb_2021_OP01_013.h5
./cncdata/data/M01/OP01/good/M01_Feb_2021_OP01_012.h5
./cncdata/data/M01/OP01/good/M01_Feb_2021_OP01_011.h5
./cncdata/data/M01/OP01/good/M01_Feb_2021_OP01_010.h5
./cncdata/data/M01/OP01/good/M01_Feb_2021_OP01_009.h5
./cncdata/data/M01/OP01/good/M01_Feb_2021_OP01_008.h5
./cncdata/data/M01/OP01/good/M01_Feb_2021_OP01_007.h5
./cncdata/data/M01/OP01/good/M01_Feb_2021_OP01_006.h5
./cncdata/data/M01/OP01/good/M01_Feb_2021_OP01_005.h5
./cncdata/data/M01/OP01/good/M01_Feb_2021_OP01_004.h5
./cncdata/data/M01/OP01/good/M01_Feb_2021_OP01_003.h5
./cncdata/data/M01/OP01/good/M01_Feb_2021_OP01_002.h5
./cncdata/data/M01/OP01/good/M01_Feb_2021_OP01_001.h5
./cncdata/data/M01/OP01/good/M01_Feb_2021_OP01_000.h5
./cncdata/data/M01/OP01/good/M01_Feb_2020_OP01_003.h5
./cncdata/data/M01/OP01/good/M01_Feb_2020_OP01_002.h5
./cncdata/data/M01/OP01/good/M01_Feb_2020_OP01_001.h5
./cncdata/data/M01/OP01/good/M01_Feb_2020_OP01_000.h5
./cncdata/data/M01/OP01/good/M01_Feb_2019_OP01_004.h5
./cncdata/data/M01/OP01/good/M01_Feb_2019_OP01_003.h5
./cncdata/data/M01/OP01/good/M01_Feb_2019_OP01_002.h5
./cncdata/data/M01/OP01/good/M01_Feb_2019_OP01_001.h5
./cncdata/data/M01/OP01/good/M01_Feb_2019_OP01_000.h5
./cncdata/data/M01/OP01/good/M01_Aug_2019_OP01_013.h5
./cncdata/data/M01/OP01/good/M01_Aug_2019_OP01_012.h5
./cncdata/data/M01/OP01/good/M01_Aug_2019_OP01_011.h5
./cncdata/data/M01/OP01/good/M01_Aug_2019_OP01_010.h5
./cncdata/data/M01/OP01/good/M01_Aug_2019_OP01_009.h5
./cncdata/data/M01/OP01/good/M01_Aug_2019_OP01_008.h5
./cncdata/data/M01/OP01/good/M01_Aug_2019_OP01_007.h5
./cncdata/data/M01/OP01/good/M01_Aug_2019_OP01_006.h5
./cncdata/data/M01/OP01/good/M01_Aug_2019_OP01_005.h5
./cncdata/data/M01/OP01/good/M01_Aug_2019_OP01_004.h5
./cncdata/data/M01/OP01/good/M01_Aug_2019_OP01_003.h5
./cncdata/data/M01/OP01/good/M01_Aug_2019_OP01_002.h5
./cncdata/data/M01/OP01/good/M01_Aug_2019_OP01_001.h5
./cncdata/data/M01/OP01/good/M01_Aug_2019_OP01_000.h5
./cncdata/data/M01/OP01/bad/M01_Feb_2019_OP01_000.h5
./cncdata/data/M01/OP01/bad/M01_Aug_2019_OP01_000.h5
./cncdata/data/M01/OP13/good/M01_Feb_2021_OP13_014.h5
./cncdata/data/M01/OP13/good/M01_Feb_2021_OP13_013.h5
./cncdata/data/M01/OP13/good/M01_Feb_2021_OP13_012.h5
./cncdata/data/M01/OP13/good/M01_Feb_2021_OP13_011.h5
./cncdata/data/M01/OP13/good/M01_Feb_2021_OP13_010.h5
./cncdata/data/M01/OP13/good/M01_Feb_2021_OP13_009.h5
./cncdata/data/M01/OP13/good/M01_Feb_2021_OP13_008.h5
./cncdata/data/M01/OP13/good/M01_Feb_2021_OP13_007.h5
./cncdata/data/M01/OP13/good/M01_Feb_2021_OP13_006.h5
./cncdata/data/M01/OP13/good/M01_Feb_2021_OP13_005.h5
./cncdata/data/M01/OP13/good/M01_Feb_2021_OP13_004.h5
./cncdata/data/M01/OP13/good/M01_Feb_2021_OP13_003.h5
./cncdata/data/M01/OP13/good/M01_Feb_2021_OP13_002.h5
./cncdata/data/M01/OP13/good/M01_Feb_2021_OP13_001.h5
./cncdata/data/M01/OP13/good/M01_Feb_2021_OP13_000.h5
./cncdata/data/M01/OP13/good/M01_Feb_2020_OP13_003.h5
./cncdata/data/M01/OP13/good/M01_Feb_2020_OP13_002.h5
./cncdata/data/M01/OP13/good/M01_Feb_2020_OP13_001.h5
./cncdata/data/M01/OP13/good/M01_Feb_2020_OP13_000.h5
./cncdata/data/M01/OP13/good/M01_Feb_2019_OP13_004.h5
./cncdata/data/M01/OP13/good/M01_Feb_2019_OP13_003.h5
./cncdata/data/M01/OP13/good/M01_Feb_2019_OP13_002.h5
./cncdata/data/M01/OP13/good/M01_Feb_2019_OP13_001.h5
./cncdata/data/M01/OP13/good/M01_Feb_2019_OP13_000.h5
./cncdata/data/M01/OP13/good/M01_Aug_2021_OP13_002.h5
./cncdata/data/M01/OP13/good/M01_Aug_2021_OP13_001.h5
./cncdata/data/M01/OP13/good/M01_Aug_2021_OP13_000.h5
./cncdata/data/M01/OP13/good/M01_Aug_2019_OP13_015.h5
./cncdata/data/M01/OP13/good/M01_Aug_2019_OP13_014.h5
./cncdata/data/M01/OP13/good/M01_Aug_2019_OP13_013.h5
./cncdata/data/M01/OP13/good/M01_Aug_2019_OP13_012.h5
./cncdata/data/M01/OP13/good/M01_Aug_2019_OP13_011.h5
./cncdata/data/M01/OP13/good/M01_Aug_2019_OP13_010.h5
./cncdata/data/M01/OP13/good/M01_Aug_2019_OP13_009.h5
./cncdata/data/M01/OP13/good/M01_Aug_2019_OP13_008.h5
./cncdata/data/M01/OP13/good/M01_Aug_2019_OP13_007.h5
./cncdata/data/M01/OP13/good/M01_Aug_2019_OP13_006.h5
./cncdata/data/M01/OP13/good/M01_Aug_2019_OP13_005.h5
./cncdata/data/M01/OP13/good/M01_Aug_2019_OP13_004.h5
./cncdata/data/M01/OP13/good/M01_Aug_2019_OP13_003.h5
./cncdata/data/M01/OP13/good/M01_Aug_2019_OP13_002.h5
./cncdata/data/M01/OP13/good/M01_Aug_2019_OP13_001.h5
./cncdata/data/M01/OP13/good/M01_Aug_2019_OP13_000.h5
./cncdata/data/M01/OP14/good/M01_Feb_2021_OP14_010.h5
./cncdata/data/M01/OP14/good/M01_Feb_2021_OP14_009.h5
./cncdata/data/M01/OP14/good/M01_Feb_2021_OP14_008.h5
./cncdata/data/M01/OP14/good/M01_Feb_2021_OP14_007.h5
./cncdata/data/M01/OP14/good/M01_Feb_2021_OP14_006.h5
./cncdata/data/M01/OP14/good/M01_Feb_2021_OP14_005.h5
./cncdata/data/M01/OP14/good/M01_Feb_2021_OP14_004.h5
./cncdata/data/M01/OP14/good/M01_Feb_2021_OP14_003.h5
./cncdata/data/M01/OP14/good/M01_Feb_2021_OP14_002.h5
./cncdata/data/M01/OP14/good/M01_Feb_2021_OP14_001.h5
./cncdata/data/M01/OP14/good/M01_Feb_2021_OP14_000.h5
./cncdata/data/M01/OP14/good/M01_Feb_2020_OP14_007.h5
./cncdata/data/M01/OP14/good/M01_Feb_2020_OP14_006.h5
./cncdata/data/M01/OP14/good/M01_Feb_2020_OP14_005.h5
./cncdata/data/M01/OP14/good/M01_Feb_2020_OP14_004.h5
./cncdata/data/M01/OP14/good/M01_Feb_2020_OP14_003.h5
./cncdata/data/M01/OP14/good/M01_Feb_2020_OP14_002.h5
./cncdata/data/M01/OP14/good/M01_Feb_2020_OP14_001.h5
./cncdata/data/M01/OP14/good/M01_Feb_2020_OP14_000.h5
./cncdata/data/M01/OP14/good/M01_Feb_2019_OP14_004.h5
./cncdata/data/M01/OP14/good/M01_Feb_2019_OP14_003.h5
./cncdata/data/M01/OP14/good/M01_Feb_2019_OP14_002.h5
./cncdata/data/M01/OP14/good/M01_Feb_2019_OP14_001.h5
./cncdata/data/M01/OP14/good/M01_Feb_2019_OP14_000.h5
./cncdata/data/M01/OP14/good/M01_Aug_2021_OP14_002.h5
./cncdata/data/M01/OP14/good/M01_Aug_2021_OP14_001.h5
./cncdata/data/M01/OP14/good/M01_Aug_2021_OP14_000.h5
./cncdata/data/M01/OP14/bad/M01_Feb_2019_OP14_000.h5
./cncdata/data/M01/OP07/bad/M01_Feb_2019_OP07_000.h5
./cncdata/data/M01/OP07/bad/M01_Aug_2021_OP07_001.h5
./cncdata/data/M01/OP07/bad/M01_Aug_2021_OP07_000.h5
./cncdata/data/M01/OP07/bad/M01_Aug_2019_OP07_000.h5
./cncdata/data/M01/OP07/good/M01_Feb_2021_OP07_014.h5
./cncdata/data/M01/OP07/good/M01_Feb_2021_OP07_013.h5
./cncdata/data/M01/OP07/good/M01_Feb_2021_OP07_012.h5
./cncdata/data/M01/OP07/good/M01_Feb_2021_OP07_011.h5
./cncdata/data/M01/OP07/good/M01_Feb_2021_OP07_010.h5
./cncdata/data/M01/OP07/good/M01_Feb_2021_OP07_009.h5
./cncdata/data/M01/OP07/good/M01_Feb_2021_OP07_008.h5
./cncdata/data/M01/OP07/good/M01_Feb_2021_OP07_007.h5
./cncdata/data/M01/OP07/good/M01_Feb_2021_OP07_006.h5
./cncdata/data/M01/OP07/good/M01_Feb_2021_OP07_005.h5
./cncdata/data/M01/OP07/good/M01_Feb_2021_OP07_004.h5
./cncdata/data/M01/OP07/good/M01_Feb_2021_OP07_003.h5
./cncdata/data/M01/OP07/good/M01_Feb_2021_OP07_002.h5
./cncdata/data/M01/OP07/good/M01_Feb_2021_OP07_001.h5
./cncdata/data/M01/OP07/good/M01_Feb_2021_OP07_000.h5
./cncdata/data/M01/OP07/good/M01_Feb_2020_OP07_003.h5
./cncdata/data/M01/OP07/good/M01_Feb_2020_OP07_002.h5
./cncdata/data/M01/OP07/good/M01_Feb_2020_OP07_001.h5
./cncdata/data/M01/OP07/good/M01_Feb_2020_OP07_000.h5
./cncdata/data/M01/OP07/good/M01_Feb_2019_OP07_004.h5
./cncdata/data/M01/OP07/good/M01_Feb_2019_OP07_003.h5
./cncdata/data/M01/OP07/good/M01_Feb_2019_OP07_002.h5
./cncdata/data/M01/OP07/good/M01_Feb_2019_OP07_001.h5
./cncdata/data/M01/OP07/good/M01_Feb_2019_OP07_000.h5
./cncdata/data/M01/OP07/good/M01_Aug_2021_OP07_002.h5
./cncdata/data/M01/OP07/good/M01_Aug_2021_OP07_001.h5
./cncdata/data/M01/OP07/good/M01_Aug_2021_OP07_000.h5
./cncdata/data/M01/OP07/good/M01_Aug_2019_OP07_015.h5
./cncdata/data/M01/OP07/good/M01_Aug_2019_OP07_014.h5
./cncdata/data/M01/OP07/good/M01_Aug_2019_OP07_013.h5
./cncdata/data/M01/OP07/good/M01_Aug_2019_OP07_012.h5
./cncdata/data/M01/OP07/good/M01_Aug_2019_OP07_011.h5
./cncdata/data/M01/OP07/good/M01_Aug_2019_OP07_010.h5
./cncdata/data/M01/OP07/good/M01_Aug_2019_OP07_009.h5
./cncdata/data/M01/OP07/good/M01_Aug_2019_OP07_008.h5
./cncdata/data/M01/OP07/good/M01_Aug_2019_OP07_007.h5
./cncdata/data/M01/OP07/good/M01_Aug_2019_OP07_006.h5
./cncdata/data/M01/OP07/good/M01_Aug_2019_OP07_005.h5
./cncdata/data/M01/OP07/good/M01_Aug_2019_OP07_004.h5
./cncdata/data/M01/OP07/good/M01_Aug_2019_OP07_003.h5
./cncdata/data/M01/OP07/good/M01_Aug_2019_OP07_002.h5
./cncdata/data/M01/OP07/good/M01_Aug_2019_OP07_001.h5
./cncdata/data/M01/OP07/good/M01_Aug_2019_OP07_000.h5
./cncdata/data/M01/OP05/bad/M01_Feb_2021_OP05_000.h5
./cncdata/data/M01/OP05/bad/M01_Feb_2019_OP05_001.h5
./cncdata/data/M01/OP05/bad/M01_Feb_2019_OP05_000.h5
./cncdata/data/M01/OP05/bad/M01_Aug_2019_OP05_000.h5
./cncdata/data/M01/OP05/good/M01_Feb_2021_OP05_008.h5
./cncdata/data/M01/OP05/good/M01_Feb_2021_OP05_007.h5
./cncdata/data/M01/OP05/good/M01_Feb_2021_OP05_006.h5
./cncdata/data/M01/OP05/good/M01_Feb_2021_OP05_005.h5
./cncdata/data/M01/OP05/good/M01_Feb_2021_OP05_004.h5
./cncdata/data/M01/OP05/good/M01_Feb_2021_OP05_003.h5
./cncdata/data/M01/OP05/good/M01_Feb_2021_OP05_002.h5
./cncdata/data/M01/OP05/good/M01_Feb_2021_OP05_001.h5
./cncdata/data/M01/OP05/good/M01_Feb_2021_OP05_000.h5
./cncdata/data/M01/OP05/good/M01_Feb_2020_OP05_003.h5
./cncdata/data/M01/OP05/good/M01_Feb_2020_OP05_002.h5
./cncdata/data/M01/OP05/good/M01_Feb_2020_OP05_001.h5
./cncdata/data/M01/OP05/good/M01_Feb_2020_OP05_000.h5
./cncdata/data/M01/OP05/good/M01_Feb_2019_OP05_002.h5
./cncdata/data/M01/OP05/good/M01_Feb_2019_OP05_001.h5
./cncdata/data/M01/OP05/good/M01_Feb_2019_OP05_000.h5
./cncdata/data/M01/OP05/good/M01_Aug_2021_OP05_001.h5
./cncdata/data/M01/OP05/good/M01_Aug_2021_OP05_000.h5
./cncdata/data/M01/OP05/good/M01_Aug_2019_OP05_015.h5
./cncdata/data/M01/OP05/good/M01_Aug_2019_OP05_014.h5
./cncdata/data/M01/OP05/good/M01_Aug_2019_OP05_013.h5
./cncdata/data/M01/OP05/good/M01_Aug_2019_OP05_012.h5
./cncdata/data/M01/OP05/good/M01_Aug_2019_OP05_011.h5
./cncdata/data/M01/OP05/good/M01_Aug_2019_OP05_010.h5
./cncdata/data/M01/OP05/good/M01_Aug_2019_OP05_009.h5
./cncdata/data/M01/OP05/good/M01_Aug_2019_OP05_008.h5
./cncdata/data/M01/OP05/good/M01_Aug_2019_OP05_007.h5
./cncdata/data/M01/OP05/good/M01_Aug_2019_OP05_006.h5
./cncdata/data/M01/OP05/good/M01_Aug_2019_OP05_005.h5
./cncdata/data/M01/OP05/good/M01_Aug_2019_OP05_004.h5
./cncdata/data/M01/OP05/good/M01_Aug_2019_OP05_003.h5
./cncdata/data/M01/OP05/good/M01_Aug_2019_OP05_002.h5
./cncdata/data/M01/OP05/good/M01_Aug_2019_OP05_001.h5
./cncdata/data/M01/OP05/good/M01_Aug_2019_OP05_000.h5
./cncdata/data/M02/OP00/bad/M02_Feb_2021_OP00_000.h5
./cncdata/data/M02/OP00/good/M02_Feb_2021_OP00_005.h5
./cncdata/data/M02/OP00/good/M02_Feb_2021_OP00_004.h5
./cncdata/data/M02/OP00/good/M02_Feb_2021_OP00_003.h5
./cncdata/data/M02/OP00/good/M02_Feb_2021_OP00_002.h5
./cncdata/data/M02/OP00/good/M02_Feb_2021_OP00_001.h5
./cncdata/data/M02/OP00/good/M02_Feb_2021_OP00_000.h5
./cncdata/data/M02/OP00/good/M02_Feb_2020_OP00_005.h5
./cncdata/data/M02/OP00/good/M02_Feb_2020_OP00_004.h5
./cncdata/data/M02/OP00/good/M02_Feb_2020_OP00_003.h5
./cncdata/data/M02/OP00/good/M02_Feb_2020_OP00_002.h5
./cncdata/data/M02/OP00/good/M02_Feb_2020_OP00_001.h5
./cncdata/data/M02/OP00/good/M02_Feb_2020_OP00_000.h5
./cncdata/data/M02/OP00/good/M02_Aug_2021_OP00_003.h5
./cncdata/data/M02/OP00/good/M02_Aug_2021_OP00_002.h5
./cncdata/data/M02/OP00/good/M02_Aug_2021_OP00_001.h5
./cncdata/data/M02/OP00/good/M02_Aug_2021_OP00_000.h5
./cncdata/data/M02/OP00/good/M02_Aug_2019_OP00_009.h5
./cncdata/data/M02/OP00/good/M02_Aug_2019_OP00_008.h5
./cncdata/data/M02/OP00/good/M02_Aug_2019_OP00_007.h5
./cncdata/data/M02/OP00/good/M02_Aug_2019_OP00_006.h5
./cncdata/data/M02/OP00/good/M02_Aug_2019_OP00_005.h5
./cncdata/data/M02/OP00/good/M02_Aug_2019_OP00_004.h5
./cncdata/data/M02/OP00/good/M02_Aug_2019_OP00_003.h5
./cncdata/data/M02/OP00/good/M02_Aug_2019_OP00_002.h5
./cncdata/data/M02/OP00/good/M02_Aug_2019_OP00_001.h5
./cncdata/data/M02/OP00/good/M02_Aug_2019_OP00_000.h5
./cncdata/data/M02/OP09/good/M02_Feb_2021_OP09_010.h5
./cncdata/data/M02/OP09/good/M02_Feb_2021_OP09_009.h5
./cncdata/data/M02/OP09/good/M02_Feb_2021_OP09_008.h5
./cncdata/data/M02/OP09/good/M02_Feb_2021_OP09_007.h5
./cncdata/data/M02/OP09/good/M02_Feb_2021_OP09_006.h5
./cncdata/data/M02/OP09/good/M02_Feb_2021_OP09_005.h5
./cncdata/data/M02/OP09/good/M02_Feb_2021_OP09_004.h5
./cncdata/data/M02/OP09/good/M02_Feb_2021_OP09_003.h5
./cncdata/data/M02/OP09/good/M02_Feb_2021_OP09_002.h5
./cncdata/data/M02/OP09/good/M02_Feb_2021_OP09_001.h5
./cncdata/data/M02/OP09/good/M02_Feb_2021_OP09_000.h5
./cncdata/data/M02/OP09/good/M02_Feb_2020_OP09_005.h5
./cncdata/data/M02/OP09/good/M02_Feb_2020_OP09_004.h5
./cncdata/data/M02/OP09/good/M02_Feb_2020_OP09_003.h5
./cncdata/data/M02/OP09/good/M02_Feb_2020_OP09_002.h5
./cncdata/data/M02/OP09/good/M02_Feb_2020_OP09_001.h5
./cncdata/data/M02/OP09/good/M02_Feb_2020_OP09_000.h5
./cncdata/data/M02/OP09/good/M02_Feb_2019_OP09_000.h5
./cncdata/data/M02/OP09/good/M02_Aug_2021_OP09_001.h5
./cncdata/data/M02/OP09/good/M02_Aug_2021_OP09_000.h5
./cncdata/data/M02/OP09/good/M02_Aug_2020_OP09_004.h5
./cncdata/data/M02/OP09/good/M02_Aug_2020_OP09_003.h5
./cncdata/data/M02/OP09/good/M02_Aug_2020_OP09_002.h5
./cncdata/data/M02/OP09/good/M02_Aug_2020_OP09_001.h5
./cncdata/data/M02/OP09/good/M02_Aug_2020_OP09_000.h5
./cncdata/data/M02/OP09/good/M02_Aug_2019_OP09_017.h5
./cncdata/data/M02/OP09/good/M02_Aug_2019_OP09_016.h5
./cncdata/data/M02/OP09/good/M02_Aug_2019_OP09_015.h5
./cncdata/data/M02/OP09/good/M02_Aug_2019_OP09_014.h5
./cncdata/data/M02/OP09/good/M02_Aug_2019_OP09_013.h5
./cncdata/data/M02/OP09/good/M02_Aug_2019_OP09_012.h5
./cncdata/data/M02/OP09/good/M02_Aug_2019_OP09_011.h5
./cncdata/data/M02/OP09/good/M02_Aug_2019_OP09_010.h5
./cncdata/data/M02/OP09/good/M02_Aug_2019_OP09_009.h5
./cncdata/data/M02/OP09/good/M02_Aug_2019_OP09_008.h5
./cncdata/data/M02/OP09/good/M02_Aug_2019_OP09_007.h5
./cncdata/data/M02/OP09/good/M02_Aug_2019_OP09_006.h5
./cncdata/data/M02/OP09/good/M02_Aug_2019_OP09_005.h5
./cncdata/data/M02/OP09/good/M02_Aug_2019_OP09_004.h5
./cncdata/data/M02/OP09/good/M02_Aug_2019_OP09_003.h5
./cncdata/data/M02/OP09/good/M02_Aug_2019_OP09_002.h5
./cncdata/data/M02/OP09/good/M02_Aug_2019_OP09_001.h5
./cncdata/data/M02/OP09/good/M02_Aug_2019_OP09_000.h5
./cncdata/data/M02/OP06/good/M02_Feb_2020_OP06_005.h5
./cncdata/data/M02/OP06/good/M02_Feb_2020_OP06_004.h5
./cncdata/data/M02/OP06/good/M02_Feb_2020_OP06_003.h5
./cncdata/data/M02/OP06/good/M02_Feb_2020_OP06_002.h5
./cncdata/data/M02/OP06/good/M02_Feb_2020_OP06_001.h5
./cncdata/data/M02/OP06/good/M02_Feb_2020_OP06_000.h5
./cncdata/data/M02/OP06/good/M02_Feb_2019_OP06_000.h5
./cncdata/data/M02/OP06/good/M02_Aug_2021_OP06_001.h5
./cncdata/data/M02/OP06/good/M02_Aug_2021_OP06_000.h5
./cncdata/data/M02/OP06/good/M02_Aug_2020_OP06_003.h5
./cncdata/data/M02/OP06/good/M02_Aug_2020_OP06_002.h5
./cncdata/data/M02/OP06/good/M02_Aug_2020_OP06_001.h5
./cncdata/data/M02/OP06/good/M02_Aug_2020_OP06_000.h5
./cncdata/data/M02/OP06/good/M02_Aug_2019_OP06_016.h5
./cncdata/data/M02/OP06/good/M02_Aug_2019_OP06_015.h5
./cncdata/data/M02/OP06/good/M02_Aug_2019_OP06_014.h5
./cncdata/data/M02/OP06/good/M02_Aug_2019_OP06_013.h5
./cncdata/data/M02/OP06/good/M02_Aug_2019_OP06_012.h5
./cncdata/data/M02/OP06/good/M02_Aug_2019_OP06_011.h5
./cncdata/data/M02/OP06/good/M02_Aug_2019_OP06_010.h5
./cncdata/data/M02/OP06/good/M02_Aug_2019_OP06_009.h5
./cncdata/data/M02/OP06/good/M02_Aug_2019_OP06_008.h5
./cncdata/data/M02/OP06/good/M02_Aug_2019_OP06_007.h5
./cncdata/data/M02/OP06/good/M02_Aug_2019_OP06_006.h5
./cncdata/data/M02/OP06/good/M02_Aug_2019_OP06_005.h5
./cncdata/data/M02/OP06/good/M02_Aug_2019_OP06_004.h5
./cncdata/data/M02/OP06/good/M02_Aug_2019_OP06_003.h5
./cncdata/data/M02/OP06/good/M02_Aug_2019_OP06_002.h5
./cncdata/data/M02/OP06/good/M02_Aug_2019_OP06_001.h5
./cncdata/data/M02/OP06/good/M02_Aug_2019_OP06_000.h5
./cncdata/data/M02/OP03/good/M02_Feb_2020_OP03_004.h5
./cncdata/data/M02/OP03/good/M02_Feb_2020_OP03_003.h5
./cncdata/data/M02/OP03/good/M02_Feb_2020_OP03_002.h5
./cncdata/data/M02/OP03/good/M02_Feb_2020_OP03_001.h5
./cncdata/data/M02/OP03/good/M02_Feb_2020_OP03_000.h5
./cncdata/data/M02/OP03/good/M02_Feb_2019_OP03_000.h5
./cncdata/data/M02/OP03/good/M02_Aug_2021_OP03_000.h5
./cncdata/data/M02/OP03/good/M02_Aug_2020_OP03_003.h5
./cncdata/data/M02/OP03/good/M02_Aug_2020_OP03_002.h5
./cncdata/data/M02/OP03/good/M02_Aug_2020_OP03_001.h5
./cncdata/data/M02/OP03/good/M02_Aug_2020_OP03_000.h5
./cncdata/data/M02/OP03/good/M02_Aug_2019_OP03_016.h5
./cncdata/data/M02/OP03/good/M02_Aug_2019_OP03_015.h5
./cncdata/data/M02/OP03/good/M02_Aug_2019_OP03_014.h5
./cncdata/data/M02/OP03/good/M02_Aug_2019_OP03_013.h5
./cncdata/data/M02/OP03/good/M02_Aug_2019_OP03_012.h5
./cncdata/data/M02/OP03/good/M02_Aug_2019_OP03_011.h5
./cncdata/data/M02/OP03/good/M02_Aug_2019_OP03_010.h5
./cncdata/data/M02/OP03/good/M02_Aug_2019_OP03_009.h5
./cncdata/data/M02/OP03/good/M02_Aug_2019_OP03_008.h5
./cncdata/data/M02/OP03/good/M02_Aug_2019_OP03_007.h5
./cncdata/data/M02/OP03/good/M02_Aug_2019_OP03_006.h5
./cncdata/data/M02/OP03/good/M02_Aug_2019_OP03_005.h5
./cncdata/data/M02/OP03/good/M02_Aug_2019_OP03_004.h5
./cncdata/data/M02/OP03/good/M02_Aug_2019_OP03_003.h5
./cncdata/data/M02/OP03/good/M02_Aug_2019_OP03_002.h5
./cncdata/data/M02/OP03/good/M02_Aug_2019_OP03_001.h5
./cncdata/data/M02/OP03/good/M02_Aug_2019_OP03_000.h5
./cncdata/data/M02/OP03/bad/M02_Feb_2021_OP03_000.h5
./cncdata/data/M02/OP04/bad/M02_Feb_2019_OP04_002.h5
./cncdata/data/M02/OP04/bad/M02_Feb_2019_OP04_000.h5
./cncdata/data/M02/OP04/bad/M02_Aug_2019_OP04_000.h5
./cncdata/data/M02/OP04/good/M02_Feb_2021_OP04_005.h5
./cncdata/data/M02/OP04/good/M02_Feb_2021_OP04_004.h5
./cncdata/data/M02/OP04/good/M02_Feb_2021_OP04_003.h5
./cncdata/data/M02/OP04/good/M02_Feb_2021_OP04_002.h5
./cncdata/data/M02/OP04/good/M02_Feb_2021_OP04_001.h5
./cncdata/data/M02/OP04/good/M02_Feb_2021_OP04_000.h5
./cncdata/data/M02/OP04/good/M02_Feb_2019_OP04_002.h5
./cncdata/data/M02/OP04/good/M02_Feb_2019_OP04_001.h5
./cncdata/data/M02/OP04/good/M02_Feb_2019_OP04_000.h5
./cncdata/data/M02/OP04/good/M02_Aug_2021_OP04_003.h5
./cncdata/data/M02/OP04/good/M02_Aug_2021_OP04_002.h5
./cncdata/data/M02/OP04/good/M02_Aug_2021_OP04_001.h5
./cncdata/data/M02/OP04/good/M02_Aug_2021_OP04_000.h5
./cncdata/data/M02/OP04/good/M02_Aug_2020_OP04_004.h5
./cncdata/data/M02/OP04/good/M02_Aug_2020_OP04_003.h5
./cncdata/data/M02/OP04/good/M02_Aug_2020_OP04_002.h5
./cncdata/data/M02/OP04/good/M02_Aug_2020_OP04_001.h5
./cncdata/data/M02/OP04/good/M02_Aug_2020_OP04_000.h5
./cncdata/data/M02/OP04/good/M02_Aug_2019_OP04_010.h5
./cncdata/data/M02/OP04/good/M02_Aug_2019_OP04_009.h5
./cncdata/data/M02/OP04/good/M02_Aug_2019_OP04_008.h5
./cncdata/data/M02/OP04/good/M02_Aug_2019_OP04_007.h5
./cncdata/data/M02/OP04/good/M02_Aug_2019_OP04_006.h5
./cncdata/data/M02/OP04/good/M02_Aug_2019_OP04_005.h5
./cncdata/data/M02/OP04/good/M02_Aug_2019_OP04_004.h5
./cncdata/data/M02/OP04/good/M02_Aug_2019_OP04_003.h5
./cncdata/data/M02/OP04/good/M02_Aug_2019_OP04_002.h5
./cncdata/data/M02/OP04/good/M02_Aug_2019_OP04_001.h5
./cncdata/data/M02/OP04/good/M02_Aug_2019_OP04_000.h5
./cncdata/data/M02/OP11/good/M02_Feb_2020_OP11_005.h5
./cncdata/data/M02/OP11/good/M02_Feb_2020_OP11_004.h5
./cncdata/data/M02/OP11/good/M02_Feb_2020_OP11_003.h5
./cncdata/data/M02/OP11/good/M02_Feb_2020_OP11_002.h5
./cncdata/data/M02/OP11/good/M02_Feb_2020_OP11_001.h5
./cncdata/data/M02/OP11/good/M02_Feb_2020_OP11_000.h5
./cncdata/data/M02/OP11/good/M02_Feb_2019_OP11_000.h5
./cncdata/data/M02/OP11/good/M02_Aug_2021_OP11_001.h5
./cncdata/data/M02/OP11/good/M02_Aug_2021_OP11_000.h5
./cncdata/data/M02/OP11/good/M02_Aug_2020_OP11_003.h5
./cncdata/data/M02/OP11/good/M02_Aug_2020_OP11_002.h5
./cncdata/data/M02/OP11/good/M02_Aug_2020_OP11_001.h5
./cncdata/data/M02/OP11/good/M02_Aug_2020_OP11_000.h5
./cncdata/data/M02/OP11/good/M02_Aug_2019_OP11_017.h5
./cncdata/data/M02/OP11/good/M02_Aug_2019_OP11_016.h5
./cncdata/data/M02/OP11/good/M02_Aug_2019_OP11_015.h5
./cncdata/data/M02/OP11/good/M02_Aug_2019_OP11_014.h5
./cncdata/data/M02/OP11/good/M02_Aug_2019_OP11_013.h5
./cncdata/data/M02/OP11/good/M02_Aug_2019_OP11_012.h5
./cncdata/data/M02/OP11/good/M02_Aug_2019_OP11_011.h5
./cncdata/data/M02/OP11/good/M02_Aug_2019_OP11_010.h5
./cncdata/data/M02/OP11/good/M02_Aug_2019_OP11_009.h5
./cncdata/data/M02/OP11/good/M02_Aug_2019_OP11_008.h5
./cncdata/data/M02/OP11/good/M02_Aug_2019_OP11_007.h5
./cncdata/data/M02/OP11/good/M02_Aug_2019_OP11_006.h5
./cncdata/data/M02/OP11/good/M02_Aug_2019_OP11_005.h5
./cncdata/data/M02/OP11/good/M02_Aug_2019_OP11_004.h5
./cncdata/data/M02/OP11/good/M02_Aug_2019_OP11_003.h5
./cncdata/data/M02/OP11/good/M02_Aug_2019_OP11_002.h5
./cncdata/data/M02/OP11/good/M02_Aug_2019_OP11_001.h5
./cncdata/data/M02/OP11/good/M02_Aug_2019_OP11_000.h5
./cncdata/data/M02/OP11/bad/M02_Feb_2019_OP11_001.h5
./cncdata/data/M02/OP11/bad/M02_Feb_2019_OP11_000.h5
./cncdata/data/M02/OP10/good/M02_Feb_2021_OP10_012.h5
./cncdata/data/M02/OP10/good/M02_Feb_2021_OP10_011.h5
./cncdata/data/M02/OP10/good/M02_Feb_2021_OP10_010.h5
./cncdata/data/M02/OP10/good/M02_Feb_2021_OP10_009.h5
./cncdata/data/M02/OP10/good/M02_Feb_2021_OP10_008.h5
./cncdata/data/M02/OP10/good/M02_Feb_2021_OP10_007.h5
./cncdata/data/M02/OP10/good/M02_Feb_2021_OP10_006.h5
./cncdata/data/M02/OP10/good/M02_Feb_2021_OP10_005.h5
./cncdata/data/M02/OP10/good/M02_Feb_2021_OP10_004.h5
./cncdata/data/M02/OP10/good/M02_Feb_2021_OP10_003.h5
./cncdata/data/M02/OP10/good/M02_Feb_2021_OP10_002.h5
./cncdata/data/M02/OP10/good/M02_Feb_2021_OP10_001.h5
./cncdata/data/M02/OP10/good/M02_Feb_2021_OP10_000.h5
./cncdata/data/M02/OP10/good/M02_Feb_2020_OP10_005.h5
./cncdata/data/M02/OP10/good/M02_Feb_2020_OP10_004.h5
./cncdata/data/M02/OP10/good/M02_Feb_2020_OP10_003.h5
./cncdata/data/M02/OP10/good/M02_Feb_2020_OP10_002.h5
./cncdata/data/M02/OP10/good/M02_Feb_2020_OP10_001.h5
./cncdata/data/M02/OP10/good/M02_Feb_2020_OP10_000.h5
./cncdata/data/M02/OP10/good/M02_Feb_2019_OP10_000.h5
./cncdata/data/M02/OP10/good/M02_Aug_2021_OP10_001.h5
./cncdata/data/M02/OP10/good/M02_Aug_2021_OP10_000.h5
./cncdata/data/M02/OP10/good/M02_Aug_2020_OP10_003.h5
./cncdata/data/M02/OP10/good/M02_Aug_2020_OP10_002.h5
./cncdata/data/M02/OP10/good/M02_Aug_2020_OP10_001.h5
./cncdata/data/M02/OP10/good/M02_Aug_2020_OP10_000.h5
./cncdata/data/M02/OP10/good/M02_Aug_2019_OP10_017.h5
./cncdata/data/M02/OP10/good/M02_Aug_2019_OP10_016.h5
./cncdata/data/M02/OP10/good/M02_Aug_2019_OP10_015.h5
./cncdata/data/M02/OP10/good/M02_Aug_2019_OP10_014.h5
./cncdata/data/M02/OP10/good/M02_Aug_2019_OP10_013.h5
./cncdata/data/M02/OP10/good/M02_Aug_2019_OP10_012.h5
./cncdata/data/M02/OP10/good/M02_Aug_2019_OP10_011.h5
./cncdata/data/M02/OP10/good/M02_Aug_2019_OP10_010.h5
./cncdata/data/M02/OP10/good/M02_Aug_2019_OP10_009.h5
./cncdata/data/M02/OP10/good/M02_Aug_2019_OP10_008.h5
./cncdata/data/M02/OP10/good/M02_Aug_2019_OP10_007.h5
./cncdata/data/M02/OP10/good/M02_Aug_2019_OP10_006.h5
./cncdata/data/M02/OP10/good/M02_Aug_2019_OP10_005.h5
./cncdata/data/M02/OP10/good/M02_Aug_2019_OP10_004.h5
./cncdata/data/M02/OP10/good/M02_Aug_2019_OP10_003.h5
./cncdata/data/M02/OP10/good/M02_Aug_2019_OP10_002.h5
./cncdata/data/M02/OP10/good/M02_Aug_2019_OP10_001.h5
./cncdata/data/M02/OP10/good/M02_Aug_2019_OP10_000.h5
./cncdata/data/M02/OP10/bad/M02_Feb_2019_OP10_001.h5
./cncdata/data/M02/OP10/bad/M02_Feb_2019_OP10_000.h5
./cncdata/data/M02/OP12/good/M02_Feb_2021_OP12_009.h5
./cncdata/data/M02/OP12/good/M02_Feb_2021_OP12_008.h5
./cncdata/data/M02/OP12/good/M02_Feb_2021_OP12_007.h5
./cncdata/data/M02/OP12/good/M02_Feb_2021_OP12_006.h5
./cncdata/data/M02/OP12/good/M02_Feb_2021_OP12_005.h5
./cncdata/data/M02/OP12/good/M02_Feb_2021_OP12_004.h5
./cncdata/data/M02/OP12/good/M02_Feb_2021_OP12_003.h5
./cncdata/data/M02/OP12/good/M02_Feb_2021_OP12_002.h5
./cncdata/data/M02/OP12/good/M02_Feb_2021_OP12_001.h5
./cncdata/data/M02/OP12/good/M02_Feb_2021_OP12_000.h5
./cncdata/data/M02/OP12/good/M02_Feb_2020_OP12_005.h5
./cncdata/data/M02/OP12/good/M02_Feb_2020_OP12_004.h5
./cncdata/data/M02/OP12/good/M02_Feb_2020_OP12_003.h5
./cncdata/data/M02/OP12/good/M02_Feb_2020_OP12_002.h5
./cncdata/data/M02/OP12/good/M02_Feb_2020_OP12_001.h5
./cncdata/data/M02/OP12/good/M02_Feb_2020_OP12_000.h5
./cncdata/data/M02/OP12/good/M02_Feb_2019_OP12_000.h5
./cncdata/data/M02/OP12/good/M02_Aug_2021_OP12_002.h5
./cncdata/data/M02/OP12/good/M02_Aug_2021_OP12_001.h5
./cncdata/data/M02/OP12/good/M02_Aug_2021_OP12_000.h5
./cncdata/data/M02/OP12/good/M02_Aug_2020_OP12_003.h5
./cncdata/data/M02/OP12/good/M02_Aug_2020_OP12_002.h5
./cncdata/data/M02/OP12/good/M02_Aug_2020_OP12_001.h5
./cncdata/data/M02/OP12/good/M02_Aug_2020_OP12_000.h5
./cncdata/data/M02/OP12/good/M02_Aug_2019_OP12_017.h5
./cncdata/data/M02/OP12/good/M02_Aug_2019_OP12_016.h5
./cncdata/data/M02/OP12/good/M02_Aug_2019_OP12_015.h5
./cncdata/data/M02/OP12/good/M02_Aug_2019_OP12_014.h5
./cncdata/data/M02/OP12/good/M02_Aug_2019_OP12_013.h5
./cncdata/data/M02/OP12/good/M02_Aug_2019_OP12_012.h5
./cncdata/data/M02/OP12/good/M02_Aug_2019_OP12_011.h5
./cncdata/data/M02/OP12/good/M02_Aug_2019_OP12_010.h5
./cncdata/data/M02/OP12/good/M02_Aug_2019_OP12_009.h5
./cncdata/data/M02/OP12/good/M02_Aug_2019_OP12_008.h5
./cncdata/data/M02/OP12/good/M02_Aug_2019_OP12_007.h5
./cncdata/data/M02/OP12/good/M02_Aug_2019_OP12_006.h5
./cncdata/data/M02/OP12/good/M02_Aug_2019_OP12_005.h5
./cncdata/data/M02/OP12/good/M02_Aug_2019_OP12_004.h5
./cncdata/data/M02/OP12/good/M02_Aug_2019_OP12_003.h5
./cncdata/data/M02/OP12/good/M02_Aug_2019_OP12_002.h5
./cncdata/data/M02/OP12/good/M02_Aug_2019_OP12_001.h5
./cncdata/data/M02/OP12/good/M02_Aug_2019_OP12_000.h5
./cncdata/data/M02/OP12/bad/M02_Feb_2019_OP12_001.h5
./cncdata/data/M02/OP12/bad/M02_Feb_2019_OP12_000.h5
./cncdata/data/M02/OP02/good/M02_Feb_2021_OP02_011.h5
./cncdata/data/M02/OP02/good/M02_Feb_2021_OP02_010.h5
./cncdata/data/M02/OP02/good/M02_Feb_2021_OP02_009.h5
./cncdata/data/M02/OP02/good/M02_Feb_2021_OP02_008.h5
./cncdata/data/M02/OP02/good/M02_Feb_2021_OP02_007.h5
./cncdata/data/M02/OP02/good/M02_Feb_2021_OP02_006.h5
./cncdata/data/M02/OP02/good/M02_Feb_2021_OP02_005.h5
./cncdata/data/M02/OP02/good/M02_Feb_2021_OP02_004.h5
./cncdata/data/M02/OP02/good/M02_Feb_2021_OP02_003.h5
./cncdata/data/M02/OP02/good/M02_Feb_2021_OP02_002.h5
./cncdata/data/M02/OP02/good/M02_Feb_2021_OP02_001.h5
./cncdata/data/M02/OP02/good/M02_Feb_2021_OP02_000.h5
./cncdata/data/M02/OP02/good/M02_Feb_2020_OP02_006.h5
./cncdata/data/M02/OP02/good/M02_Feb_2020_OP02_005.h5
./cncdata/data/M02/OP02/good/M02_Feb_2020_OP02_004.h5
./cncdata/data/M02/OP02/good/M02_Feb_2020_OP02_003.h5
./cncdata/data/M02/OP02/good/M02_Feb_2020_OP02_002.h5
./cncdata/data/M02/OP02/good/M02_Feb_2020_OP02_001.h5
./cncdata/data/M02/OP02/good/M02_Feb_2020_OP02_000.h5
./cncdata/data/M02/OP02/good/M02_Feb_2019_OP02_002.h5
./cncdata/data/M02/OP02/good/M02_Feb_2019_OP02_001.h5
./cncdata/data/M02/OP02/good/M02_Feb_2019_OP02_000.h5
./cncdata/data/M02/OP02/good/M02_Aug_2021_OP02_003.h5
./cncdata/data/M02/OP02/good/M02_Aug_2021_OP02_002.h5
./cncdata/data/M02/OP02/good/M02_Aug_2021_OP02_001.h5
./cncdata/data/M02/OP02/good/M02_Aug_2021_OP02_000.h5
./cncdata/data/M02/OP02/good/M02_Aug_2020_OP02_004.h5
./cncdata/data/M02/OP02/good/M02_Aug_2020_OP02_003.h5
./cncdata/data/M02/OP02/good/M02_Aug_2020_OP02_002.h5
./cncdata/data/M02/OP02/good/M02_Aug_2020_OP02_001.h5
./cncdata/data/M02/OP02/good/M02_Aug_2020_OP02_000.h5
./cncdata/data/M02/OP02/good/M02_Aug_2019_OP02_020.h5
./cncdata/data/M02/OP02/good/M02_Aug_2019_OP02_019.h5
./cncdata/data/M02/OP02/good/M02_Aug_2019_OP02_018.h5
./cncdata/data/M02/OP02/good/M02_Aug_2019_OP02_017.h5
./cncdata/data/M02/OP02/good/M02_Aug_2019_OP02_016.h5
./cncdata/data/M02/OP02/good/M02_Aug_2019_OP02_015.h5
./cncdata/data/M02/OP02/good/M02_Aug_2019_OP02_014.h5
./cncdata/data/M02/OP02/good/M02_Aug_2019_OP02_013.h5
./cncdata/data/M02/OP02/good/M02_Aug_2019_OP02_012.h5
./cncdata/data/M02/OP02/good/M02_Aug_2019_OP02_011.h5
./cncdata/data/M02/OP02/good/M02_Aug_2019_OP02_010.h5
./cncdata/data/M02/OP02/good/M02_Aug_2019_OP02_009.h5
./cncdata/data/M02/OP02/good/M02_Aug_2019_OP02_008.h5
./cncdata/data/M02/OP02/good/M02_Aug_2019_OP02_007.h5
./cncdata/data/M02/OP02/good/M02_Aug_2019_OP02_006.h5
./cncdata/data/M02/OP02/good/M02_Aug_2019_OP02_005.h5
./cncdata/data/M02/OP02/good/M02_Aug_2019_OP02_004.h5
./cncdata/data/M02/OP02/good/M02_Aug_2019_OP02_003.h5
./cncdata/data/M02/OP02/good/M02_Aug_2019_OP02_002.h5
./cncdata/data/M02/OP02/good/M02_Aug_2019_OP02_001.h5
./cncdata/data/M02/OP02/good/M02_Aug_2019_OP02_000.h5
./cncdata/data/M02/OP02/bad/M02_Feb_2019_OP02_001.h5
./cncdata/data/M02/OP02/bad/M02_Feb_2019_OP02_000.h5
./cncdata/data/M02/OP08/good/M02_Feb_2021_OP08_010.h5
./cncdata/data/M02/OP08/good/M02_Feb_2021_OP08_009.h5
./cncdata/data/M02/OP08/good/M02_Feb_2021_OP08_008.h5
./cncdata/data/M02/OP08/good/M02_Feb_2021_OP08_007.h5
./cncdata/data/M02/OP08/good/M02_Feb_2021_OP08_006.h5
./cncdata/data/M02/OP08/good/M02_Feb_2021_OP08_005.h5
./cncdata/data/M02/OP08/good/M02_Feb_2021_OP08_004.h5
./cncdata/data/M02/OP08/good/M02_Feb_2021_OP08_003.h5
./cncdata/data/M02/OP08/good/M02_Feb_2021_OP08_002.h5
./cncdata/data/M02/OP08/good/M02_Feb_2021_OP08_001.h5
./cncdata/data/M02/OP08/good/M02_Feb_2021_OP08_000.h5
./cncdata/data/M02/OP08/good/M02_Feb_2020_OP08_005.h5
./cncdata/data/M02/OP08/good/M02_Feb_2020_OP08_004.h5
./cncdata/data/M02/OP08/good/M02_Feb_2020_OP08_003.h5
./cncdata/data/M02/OP08/good/M02_Feb_2020_OP08_002.h5
./cncdata/data/M02/OP08/good/M02_Feb_2020_OP08_001.h5
./cncdata/data/M02/OP08/good/M02_Feb_2020_OP08_000.h5
./cncdata/data/M02/OP08/good/M02_Feb_2019_OP08_000.h5
./cncdata/data/M02/OP08/good/M02_Aug_2021_OP08_001.h5
./cncdata/data/M02/OP08/good/M02_Aug_2021_OP08_000.h5
./cncdata/data/M02/OP08/good/M02_Aug_2020_OP08_003.h5
./cncdata/data/M02/OP08/good/M02_Aug_2020_OP08_002.h5
./cncdata/data/M02/OP08/good/M02_Aug_2020_OP08_001.h5
./cncdata/data/M02/OP08/good/M02_Aug_2020_OP08_000.h5
./cncdata/data/M02/OP08/good/M02_Aug_2019_OP08_017.h5
./cncdata/data/M02/OP08/good/M02_Aug_2019_OP08_016.h5
./cncdata/data/M02/OP08/good/M02_Aug_2019_OP08_015.h5
./cncdata/data/M02/OP08/good/M02_Aug_2019_OP08_014.h5
./cncdata/data/M02/OP08/good/M02_Aug_2019_OP08_013.h5
./cncdata/data/M02/OP08/good/M02_Aug_2019_OP08_012.h5
./cncdata/data/M02/OP08/good/M02_Aug_2019_OP08_011.h5
./cncdata/data/M02/OP08/good/M02_Aug_2019_OP08_010.h5
./cncdata/data/M02/OP08/good/M02_Aug_2019_OP08_009.h5
./cncdata/data/M02/OP08/good/M02_Aug_2019_OP08_008.h5
./cncdata/data/M02/OP08/good/M02_Aug_2019_OP08_007.h5
./cncdata/data/M02/OP08/good/M02_Aug_2019_OP08_006.h5
./cncdata/data/M02/OP08/good/M02_Aug_2019_OP08_005.h5
./cncdata/data/M02/OP08/good/M02_Aug_2019_OP08_004.h5
./cncdata/data/M02/OP08/good/M02_Aug_2019_OP08_003.h5
./cncdata/data/M02/OP08/good/M02_Aug_2019_OP08_002.h5
./cncdata/data/M02/OP08/good/M02_Aug_2019_OP08_001.h5
./cncdata/data/M02/OP08/good/M02_Aug_2019_OP08_000.h5
./cncdata/data/M02/OP08/bad/M02_Feb_2019_OP08_001.h5
./cncdata/data/M02/OP08/bad/M02_Feb_2019_OP08_000.h5
./cncdata/data/M02/OP08/bad/M02_Aug_2021_OP08_000.h5
./cncdata/data/M02/OP08/bad/M02_Aug_2019_OP08_000.h5
./cncdata/data/M02/OP01/good/M02_Feb_2021_OP01_011.h5
./cncdata/data/M02/OP01/good/M02_Feb_2021_OP01_010.h5
./cncdata/data/M02/OP01/good/M02_Feb_2021_OP01_009.h5
./cncdata/data/M02/OP01/good/M02_Feb_2021_OP01_008.h5
./cncdata/data/M02/OP01/good/M02_Feb_2021_OP01_007.h5
./cncdata/data/M02/OP01/good/M02_Feb_2021_OP01_006.h5
./cncdata/data/M02/OP01/good/M02_Feb_2021_OP01_005.h5
./cncdata/data/M02/OP01/good/M02_Feb_2021_OP01_004.h5
./cncdata/data/M02/OP01/good/M02_Feb_2021_OP01_003.h5
./cncdata/data/M02/OP01/good/M02_Feb_2021_OP01_002.h5
./cncdata/data/M02/OP01/good/M02_Feb_2021_OP01_001.h5
./cncdata/data/M02/OP01/good/M02_Feb_2021_OP01_000.h5
./cncdata/data/M02/OP01/good/M02_Feb_2020_OP01_005.h5
./cncdata/data/M02/OP01/good/M02_Feb_2020_OP01_004.h5
./cncdata/data/M02/OP01/good/M02_Feb_2020_OP01_003.h5
./cncdata/data/M02/OP01/good/M02_Feb_2020_OP01_002.h5
./cncdata/data/M02/OP01/good/M02_Feb_2020_OP01_001.h5
./cncdata/data/M02/OP01/good/M02_Feb_2020_OP01_000.h5
./cncdata/data/M02/OP01/good/M02_Feb_2019_OP01_002.h5
./cncdata/data/M02/OP01/good/M02_Feb_2019_OP01_001.h5
./cncdata/data/M02/OP01/good/M02_Feb_2019_OP01_000.h5
./cncdata/data/M02/OP01/good/M02_Aug_2021_OP01_003.h5
./cncdata/data/M02/OP01/good/M02_Aug_2021_OP01_002.h5
./cncdata/data/M02/OP01/good/M02_Aug_2021_OP01_001.h5
./cncdata/data/M02/OP01/good/M02_Aug_2021_OP01_000.h5
./cncdata/data/M02/OP01/good/M02_Aug_2020_OP01_004.h5
./cncdata/data/M02/OP01/good/M02_Aug_2020_OP01_003.h5
./cncdata/data/M02/OP01/good/M02_Aug_2020_OP01_002.h5
./cncdata/data/M02/OP01/good/M02_Aug_2020_OP01_001.h5
./cncdata/data/M02/OP01/good/M02_Aug_2020_OP01_000.h5
./cncdata/data/M02/OP01/good/M02_Aug_2019_OP01_020.h5
./cncdata/data/M02/OP01/good/M02_Aug_2019_OP01_019.h5
./cncdata/data/M02/OP01/good/M02_Aug_2019_OP01_018.h5
./cncdata/data/M02/OP01/good/M02_Aug_2019_OP01_017.h5
./cncdata/data/M02/OP01/good/M02_Aug_2019_OP01_016.h5
./cncdata/data/M02/OP01/good/M02_Aug_2019_OP01_015.h5
./cncdata/data/M02/OP01/good/M02_Aug_2019_OP01_014.h5
./cncdata/data/M02/OP01/good/M02_Aug_2019_OP01_013.h5
./cncdata/data/M02/OP01/good/M02_Aug_2019_OP01_012.h5
./cncdata/data/M02/OP01/good/M02_Aug_2019_OP01_011.h5
./cncdata/data/M02/OP01/good/M02_Aug_2019_OP01_010.h5
./cncdata/data/M02/OP01/good/M02_Aug_2019_OP01_009.h5
./cncdata/data/M02/OP01/good/M02_Aug_2019_OP01_008.h5
./cncdata/data/M02/OP01/good/M02_Aug_2019_OP01_007.h5
./cncdata/data/M02/OP01/good/M02_Aug_2019_OP01_006.h5
./cncdata/data/M02/OP01/good/M02_Aug_2019_OP01_005.h5
./cncdata/data/M02/OP01/good/M02_Aug_2019_OP01_004.h5
./cncdata/data/M02/OP01/good/M02_Aug_2019_OP01_003.h5
./cncdata/data/M02/OP01/good/M02_Aug_2019_OP01_002.h5
./cncdata/data/M02/OP01/good/M02_Aug_2019_OP01_001.h5
./cncdata/data/M02/OP01/good/M02_Aug_2019_OP01_000.h5
./cncdata/data/M02/OP01/bad/M02_Feb_2019_OP01_001.h5
./cncdata/data/M02/OP01/bad/M02_Feb_2019_OP01_000.h5
./cncdata/data/M02/OP01/bad/M02_Aug_2019_OP01_000.h5
./cncdata/data/M02/OP13/good/M02_Feb_2021_OP13_011.h5
./cncdata/data/M02/OP13/good/M02_Feb_2021_OP13_010.h5
./cncdata/data/M02/OP13/good/M02_Feb_2021_OP13_009.h5
./cncdata/data/M02/OP13/good/M02_Feb_2021_OP13_008.h5
./cncdata/data/M02/OP13/good/M02_Feb_2021_OP13_007.h5
./cncdata/data/M02/OP13/good/M02_Feb_2021_OP13_006.h5
./cncdata/data/M02/OP13/good/M02_Feb_2021_OP13_005.h5
./cncdata/data/M02/OP13/good/M02_Feb_2021_OP13_004.h5
./cncdata/data/M02/OP13/good/M02_Feb_2021_OP13_003.h5
./cncdata/data/M02/OP13/good/M02_Feb_2021_OP13_002.h5
./cncdata/data/M02/OP13/good/M02_Feb_2021_OP13_001.h5
./cncdata/data/M02/OP13/good/M02_Feb_2021_OP13_000.h5
./cncdata/data/M02/OP13/good/M02_Feb_2020_OP13_005.h5
./cncdata/data/M02/OP13/good/M02_Feb_2020_OP13_004.h5
./cncdata/data/M02/OP13/good/M02_Feb_2020_OP13_003.h5
./cncdata/data/M02/OP13/good/M02_Feb_2020_OP13_002.h5
./cncdata/data/M02/OP13/good/M02_Feb_2020_OP13_001.h5
./cncdata/data/M02/OP13/good/M02_Feb_2020_OP13_000.h5
./cncdata/data/M02/OP13/good/M02_Feb_2019_OP13_002.h5
./cncdata/data/M02/OP13/good/M02_Feb_2019_OP13_001.h5
./cncdata/data/M02/OP13/good/M02_Feb_2019_OP13_000.h5
./cncdata/data/M02/OP13/good/M02_Aug_2021_OP13_003.h5
./cncdata/data/M02/OP13/good/M02_Aug_2021_OP13_002.h5
./cncdata/data/M02/OP13/good/M02_Aug_2021_OP13_001.h5
./cncdata/data/M02/OP13/good/M02_Aug_2021_OP13_000.h5
./cncdata/data/M02/OP13/good/M02_Aug_2020_OP13_004.h5
./cncdata/data/M02/OP13/good/M02_Aug_2020_OP13_003.h5
./cncdata/data/M02/OP13/good/M02_Aug_2020_OP13_002.h5
./cncdata/data/M02/OP13/good/M02_Aug_2020_OP13_001.h5
./cncdata/data/M02/OP13/good/M02_Aug_2020_OP13_000.h5
./cncdata/data/M02/OP13/good/M02_Aug_2019_OP13_020.h5
./cncdata/data/M02/OP13/good/M02_Aug_2019_OP13_019.h5
./cncdata/data/M02/OP13/good/M02_Aug_2019_OP13_018.h5
./cncdata/data/M02/OP13/good/M02_Aug_2019_OP13_017.h5
./cncdata/data/M02/OP13/good/M02_Aug_2019_OP13_016.h5
./cncdata/data/M02/OP13/good/M02_Aug_2019_OP13_015.h5
./cncdata/data/M02/OP13/good/M02_Aug_2019_OP13_014.h5
./cncdata/data/M02/OP13/good/M02_Aug_2019_OP13_013.h5
./cncdata/data/M02/OP13/good/M02_Aug_2019_OP13_012.h5
./cncdata/data/M02/OP13/good/M02_Aug_2019_OP13_011.h5
./cncdata/data/M02/OP13/good/M02_Aug_2019_OP13_010.h5
./cncdata/data/M02/OP13/good/M02_Aug_2019_OP13_009.h5
./cncdata/data/M02/OP13/good/M02_Aug_2019_OP13_008.h5
./cncdata/data/M02/OP13/good/M02_Aug_2019_OP13_007.h5
./cncdata/data/M02/OP13/good/M02_Aug_2019_OP13_006.h5
./cncdata/data/M02/OP13/good/M02_Aug_2019_OP13_005.h5
./cncdata/data/M02/OP13/good/M02_Aug_2019_OP13_004.h5
./cncdata/data/M02/OP13/good/M02_Aug_2019_OP13_003.h5
./cncdata/data/M02/OP13/good/M02_Aug_2019_OP13_002.h5
./cncdata/data/M02/OP13/good/M02_Aug_2019_OP13_001.h5
./cncdata/data/M02/OP13/good/M02_Aug_2019_OP13_000.h5
./cncdata/data/M02/OP14/good/M02_Feb_2021_OP14_014.h5
./cncdata/data/M02/OP14/good/M02_Feb_2021_OP14_013.h5
./cncdata/data/M02/OP14/good/M02_Feb_2021_OP14_012.h5
./cncdata/data/M02/OP14/good/M02_Feb_2021_OP14_011.h5
./cncdata/data/M02/OP14/good/M02_Feb_2021_OP14_010.h5
./cncdata/data/M02/OP14/good/M02_Feb_2021_OP14_009.h5
./cncdata/data/M02/OP14/good/M02_Feb_2021_OP14_008.h5
./cncdata/data/M02/OP14/good/M02_Feb_2021_OP14_007.h5
./cncdata/data/M02/OP14/good/M02_Feb_2021_OP14_006.h5
./cncdata/data/M02/OP14/good/M02_Feb_2021_OP14_005.h5
./cncdata/data/M02/OP14/good/M02_Feb_2021_OP14_004.h5
./cncdata/data/M02/OP14/good/M02_Feb_2021_OP14_003.h5
./cncdata/data/M02/OP14/good/M02_Feb_2021_OP14_002.h5
./cncdata/data/M02/OP14/good/M02_Feb_2021_OP14_001.h5
./cncdata/data/M02/OP14/good/M02_Feb_2021_OP14_000.h5
./cncdata/data/M02/OP14/good/M02_Feb_2020_OP14_005.h5
./cncdata/data/M02/OP14/good/M02_Feb_2020_OP14_004.h5
./cncdata/data/M02/OP14/good/M02_Feb_2020_OP14_003.h5
./cncdata/data/M02/OP14/good/M02_Feb_2020_OP14_002.h5
./cncdata/data/M02/OP14/good/M02_Feb_2020_OP14_001.h5
./cncdata/data/M02/OP14/good/M02_Feb_2020_OP14_000.h5
./cncdata/data/M02/OP14/good/M02_Feb_2019_OP14_002.h5
./cncdata/data/M02/OP14/good/M02_Feb_2019_OP14_001.h5
./cncdata/data/M02/OP14/good/M02_Feb_2019_OP14_000.h5
./cncdata/data/M02/OP14/good/M02_Aug_2021_OP14_003.h5
./cncdata/data/M02/OP14/good/M02_Aug_2021_OP14_002.h5
./cncdata/data/M02/OP14/good/M02_Aug_2021_OP14_001.h5
./cncdata/data/M02/OP14/good/M02_Aug_2021_OP14_000.h5
./cncdata/data/M02/OP14/good/M02_Aug_2020_OP14_003.h5
./cncdata/data/M02/OP14/good/M02_Aug_2020_OP14_002.h5
./cncdata/data/M02/OP14/good/M02_Aug_2020_OP14_001.h5
./cncdata/data/M02/OP14/good/M02_Aug_2020_OP14_000.h5
./cncdata/data/M02/OP14/good/M02_Aug_2019_OP14_021.h5
./cncdata/data/M02/OP14/good/M02_Aug_2019_OP14_020.h5
./cncdata/data/M02/OP14/good/M02_Aug_2019_OP14_019.h5
./cncdata/data/M02/OP14/good/M02_Aug_2019_OP14_018.h5
./cncdata/data/M02/OP14/good/M02_Aug_2019_OP14_017.h5
./cncdata/data/M02/OP14/good/M02_Aug_2019_OP14_016.h5
./cncdata/data/M02/OP14/good/M02_Aug_2019_OP14_015.h5
./cncdata/data/M02/OP14/good/M02_Aug_2019_OP14_014.h5
./cncdata/data/M02/OP14/good/M02_Aug_2019_OP14_013.h5
./cncdata/data/M02/OP14/good/M02_Aug_2019_OP14_012.h5
./cncdata/data/M02/OP14/good/M02_Aug_2019_OP14_011.h5
./cncdata/data/M02/OP14/good/M02_Aug_2019_OP14_010.h5
./cncdata/data/M02/OP14/good/M02_Aug_2019_OP14_009.h5
./cncdata/data/M02/OP14/good/M02_Aug_2019_OP14_008.h5
./cncdata/data/M02/OP14/good/M02_Aug_2019_OP14_007.h5
./cncdata/data/M02/OP14/good/M02_Aug_2019_OP14_006.h5
./cncdata/data/M02/OP14/good/M02_Aug_2019_OP14_005.h5
./cncdata/data/M02/OP14/good/M02_Aug_2019_OP14_004.h5
./cncdata/data/M02/OP14/good/M02_Aug_2019_OP14_003.h5
./cncdata/data/M02/OP14/good/M02_Aug_2019_OP14_002.h5
./cncdata/data/M02/OP14/good/M02_Aug_2019_OP14_001.h5
./cncdata/data/M02/OP14/good/M02_Aug_2019_OP14_000.h5
./cncdata/data/M02/OP14/bad/M02_Feb_2019_OP14_001.h5
./cncdata/data/M02/OP14/bad/M02_Feb_2019_OP14_000.h5
./cncdata/data/M02/OP07/good/M02_Feb_2021_OP07_011.h5
./cncdata/data/M02/OP07/good/M02_Feb_2021_OP07_010.h5
./cncdata/data/M02/OP07/good/M02_Feb_2021_OP07_009.h5
./cncdata/data/M02/OP07/good/M02_Feb_2021_OP07_008.h5
./cncdata/data/M02/OP07/good/M02_Feb_2021_OP07_007.h5
./cncdata/data/M02/OP07/good/M02_Feb_2021_OP07_006.h5
./cncdata/data/M02/OP07/good/M02_Feb_2021_OP07_005.h5
./cncdata/data/M02/OP07/good/M02_Feb_2021_OP07_004.h5
./cncdata/data/M02/OP07/good/M02_Feb_2021_OP07_003.h5
./cncdata/data/M02/OP07/good/M02_Feb_2021_OP07_002.h5
./cncdata/data/M02/OP07/good/M02_Feb_2021_OP07_001.h5
./cncdata/data/M02/OP07/good/M02_Feb_2021_OP07_000.h5
./cncdata/data/M02/OP07/good/M02_Feb_2020_OP07_006.h5
./cncdata/data/M02/OP07/good/M02_Feb_2020_OP07_005.h5
./cncdata/data/M02/OP07/good/M02_Feb_2020_OP07_004.h5
./cncdata/data/M02/OP07/good/M02_Feb_2020_OP07_003.h5
./cncdata/data/M02/OP07/good/M02_Feb_2020_OP07_002.h5
./cncdata/data/M02/OP07/good/M02_Feb_2020_OP07_001.h5
./cncdata/data/M02/OP07/good/M02_Feb_2020_OP07_000.h5
./cncdata/data/M02/OP07/good/M02_Feb_2019_OP07_002.h5
./cncdata/data/M02/OP07/good/M02_Feb_2019_OP07_001.h5
./cncdata/data/M02/OP07/good/M02_Feb_2019_OP07_000.h5
./cncdata/data/M02/OP07/good/M02_Aug_2021_OP07_003.h5
./cncdata/data/M02/OP07/good/M02_Aug_2021_OP07_002.h5
./cncdata/data/M02/OP07/good/M02_Aug_2021_OP07_001.h5
./cncdata/data/M02/OP07/good/M02_Aug_2021_OP07_000.h5
./cncdata/data/M02/OP07/good/M02_Aug_2020_OP07_004.h5
./cncdata/data/M02/OP07/good/M02_Aug_2020_OP07_003.h5
./cncdata/data/M02/OP07/good/M02_Aug_2020_OP07_002.h5
./cncdata/data/M02/OP07/good/M02_Aug_2020_OP07_001.h5
./cncdata/data/M02/OP07/good/M02_Aug_2020_OP07_000.h5
./cncdata/data/M02/OP07/good/M02_Aug_2019_OP07_020.h5
./cncdata/data/M02/OP07/good/M02_Aug_2019_OP07_019.h5
./cncdata/data/M02/OP07/good/M02_Aug_2019_OP07_018.h5
./cncdata/data/M02/OP07/good/M02_Aug_2019_OP07_017.h5
./cncdata/data/M02/OP07/good/M02_Aug_2019_OP07_016.h5
./cncdata/data/M02/OP07/good/M02_Aug_2019_OP07_015.h5
./cncdata/data/M02/OP07/good/M02_Aug_2019_OP07_014.h5
./cncdata/data/M02/OP07/good/M02_Aug_2019_OP07_013.h5
./cncdata/data/M02/OP07/good/M02_Aug_2019_OP07_012.h5
./cncdata/data/M02/OP07/good/M02_Aug_2019_OP07_011.h5
./cncdata/data/M02/OP07/good/M02_Aug_2019_OP07_010.h5
./cncdata/data/M02/OP07/good/M02_Aug_2019_OP07_009.h5
./cncdata/data/M02/OP07/good/M02_Aug_2019_OP07_008.h5
./cncdata/data/M02/OP07/good/M02_Aug_2019_OP07_007.h5
./cncdata/data/M02/OP07/good/M02_Aug_2019_OP07_006.h5
./cncdata/data/M02/OP07/good/M02_Aug_2019_OP07_005.h5
./cncdata/data/M02/OP07/good/M02_Aug_2019_OP07_004.h5
./cncdata/data/M02/OP07/good/M02_Aug_2019_OP07_003.h5
./cncdata/data/M02/OP07/good/M02_Aug_2019_OP07_002.h5
./cncdata/data/M02/OP07/good/M02_Aug_2019_OP07_001.h5
./cncdata/data/M02/OP07/good/M02_Aug_2019_OP07_000.h5
./cncdata/data/M02/OP07/bad/M02_Feb_2019_OP07_001.h5
./cncdata/data/M02/OP07/bad/M02_Feb_2019_OP07_000.h5
./cncdata/data/M02/OP07/bad/M02_Aug_2019_OP07_000.h5
./cncdata/data/M02/OP05/bad/M02_Feb_2019_OP05_001.h5
./cncdata/data/M02/OP05/bad/M02_Feb_2019_OP05_000.h5
./cncdata/data/M02/OP05/good/M02_Feb_2021_OP05_010.h5
./cncdata/data/M02/OP05/good/M02_Feb_2021_OP05_009.h5
./cncdata/data/M02/OP05/good/M02_Feb_2021_OP05_008.h5
./cncdata/data/M02/OP05/good/M02_Feb_2021_OP05_007.h5
./cncdata/data/M02/OP05/good/M02_Feb_2021_OP05_006.h5
./cncdata/data/M02/OP05/good/M02_Feb_2021_OP05_005.h5
./cncdata/data/M02/OP05/good/M02_Feb_2021_OP05_004.h5
./cncdata/data/M02/OP05/good/M02_Feb_2021_OP05_003.h5
./cncdata/data/M02/OP05/good/M02_Feb_2021_OP05_002.h5
./cncdata/data/M02/OP05/good/M02_Feb_2021_OP05_001.h5
./cncdata/data/M02/OP05/good/M02_Feb_2021_OP05_000.h5
./cncdata/data/M02/OP05/good/M02_Feb_2020_OP05_005.h5
./cncdata/data/M02/OP05/good/M02_Feb_2020_OP05_004.h5
./cncdata/data/M02/OP05/good/M02_Feb_2020_OP05_003.h5
./cncdata/data/M02/OP05/good/M02_Feb_2020_OP05_002.h5
./cncdata/data/M02/OP05/good/M02_Feb_2020_OP05_001.h5
./cncdata/data/M02/OP05/good/M02_Feb_2020_OP05_000.h5
./cncdata/data/M02/OP05/good/M02_Feb_2019_OP05_000.h5
./cncdata/data/M02/OP05/good/M02_Aug_2021_OP05_001.h5
./cncdata/data/M02/OP05/good/M02_Aug_2021_OP05_000.h5
./cncdata/data/M02/OP05/good/M02_Aug_2020_OP05_003.h5
./cncdata/data/M02/OP05/good/M02_Aug_2020_OP05_002.h5
./cncdata/data/M02/OP05/good/M02_Aug_2020_OP05_001.h5
./cncdata/data/M02/OP05/good/M02_Aug_2020_OP05_000.h5
./cncdata/data/M02/OP05/good/M02_Aug_2019_OP05_017.h5
./cncdata/data/M02/OP05/good/M02_Aug_2019_OP05_016.h5
./cncdata/data/M02/OP05/good/M02_Aug_2019_OP05_015.h5
./cncdata/data/M02/OP05/good/M02_Aug_2019_OP05_014.h5
./cncdata/data/M02/OP05/good/M02_Aug_2019_OP05_013.h5
./cncdata/data/M02/OP05/good/M02_Aug_2019_OP05_012.h5
./cncdata/data/M02/OP05/good/M02_Aug_2019_OP05_011.h5
./cncdata/data/M02/OP05/good/M02_Aug_2019_OP05_010.h5
./cncdata/data/M02/OP05/good/M02_Aug_2019_OP05_009.h5
./cncdata/data/M02/OP05/good/M02_Aug_2019_OP05_008.h5
./cncdata/data/M02/OP05/good/M02_Aug_2019_OP05_007.h5
./cncdata/data/M02/OP05/good/M02_Aug_2019_OP05_006.h5
./cncdata/data/M02/OP05/good/M02_Aug_2019_OP05_005.h5
./cncdata/data/M02/OP05/good/M02_Aug_2019_OP05_004.h5
./cncdata/data/M02/OP05/good/M02_Aug_2019_OP05_003.h5
./cncdata/data/M02/OP05/good/M02_Aug_2019_OP05_002.h5
./cncdata/data/M02/OP05/good/M02_Aug_2019_OP05_001.h5
./cncdata/data/M02/OP05/good/M02_Aug_2019_OP05_000.h5
./cncdata/data/M03/OP00/good/M03_Feb_2020_OP00_004.h5
./cncdata/data/M03/OP00/good/M03_Feb_2020_OP00_003.h5
./cncdata/data/M03/OP00/good/M03_Feb_2020_OP00_002.h5
./cncdata/data/M03/OP00/good/M03_Feb_2020_OP00_001.h5
./cncdata/data/M03/OP00/good/M03_Feb_2020_OP00_000.h5
./cncdata/data/M03/OP00/good/M03_Aug_2021_OP00_002.h5
./cncdata/data/M03/OP00/good/M03_Aug_2021_OP00_001.h5
./cncdata/data/M03/OP00/good/M03_Aug_2021_OP00_000.h5
./cncdata/data/M03/OP00/good/M03_Aug_2019_OP00_019.h5
./cncdata/data/M03/OP00/good/M03_Aug_2019_OP00_018.h5
./cncdata/data/M03/OP00/good/M03_Aug_2019_OP00_017.h5
./cncdata/data/M03/OP00/good/M03_Aug_2019_OP00_016.h5
./cncdata/data/M03/OP00/good/M03_Aug_2019_OP00_015.h5
./cncdata/data/M03/OP00/good/M03_Aug_2019_OP00_014.h5
./cncdata/data/M03/OP00/good/M03_Aug_2019_OP00_013.h5
./cncdata/data/M03/OP00/good/M03_Aug_2019_OP00_012.h5
./cncdata/data/M03/OP00/good/M03_Aug_2019_OP00_011.h5
./cncdata/data/M03/OP00/good/M03_Aug_2019_OP00_010.h5
./cncdata/data/M03/OP00/good/M03_Aug_2019_OP00_009.h5
./cncdata/data/M03/OP00/good/M03_Aug_2019_OP00_008.h5
./cncdata/data/M03/OP00/good/M03_Aug_2019_OP00_007.h5
./cncdata/data/M03/OP00/good/M03_Aug_2019_OP00_006.h5
./cncdata/data/M03/OP00/good/M03_Aug_2019_OP00_005.h5
./cncdata/data/M03/OP00/good/M03_Aug_2019_OP00_004.h5
./cncdata/data/M03/OP00/good/M03_Aug_2019_OP00_003.h5
./cncdata/data/M03/OP00/good/M03_Aug_2019_OP00_002.h5
./cncdata/data/M03/OP00/good/M03_Aug_2019_OP00_001.h5
./cncdata/data/M03/OP00/good/M03_Aug_2019_OP00_000.h5
./cncdata/data/M03/OP09/good/M03_Feb_2021_OP09_004.h5
./cncdata/data/M03/OP09/good/M03_Feb_2021_OP09_003.h5
./cncdata/data/M03/OP09/good/M03_Feb_2021_OP09_002.h5
./cncdata/data/M03/OP09/good/M03_Feb_2021_OP09_001.h5
./cncdata/data/M03/OP09/good/M03_Feb_2021_OP09_000.h5
./cncdata/data/M03/OP09/good/M03_Feb_2020_OP09_004.h5
./cncdata/data/M03/OP09/good/M03_Feb_2020_OP09_003.h5
./cncdata/data/M03/OP09/good/M03_Feb_2020_OP09_002.h5
./cncdata/data/M03/OP09/good/M03_Feb_2020_OP09_001.h5
./cncdata/data/M03/OP09/good/M03_Feb_2020_OP09_000.h5
./cncdata/data/M03/OP09/good/M03_Aug_2021_OP09_003.h5
./cncdata/data/M03/OP09/good/M03_Aug_2021_OP09_002.h5
./cncdata/data/M03/OP09/good/M03_Aug_2021_OP09_001.h5
./cncdata/data/M03/OP09/good/M03_Aug_2021_OP09_000.h5
./cncdata/data/M03/OP09/good/M03_Aug_2020_OP09_001.h5
./cncdata/data/M03/OP09/good/M03_Aug_2020_OP09_000.h5
./cncdata/data/M03/OP09/good/M03_Aug_2019_OP09_018.h5
./cncdata/data/M03/OP09/good/M03_Aug_2019_OP09_017.h5
./cncdata/data/M03/OP09/good/M03_Aug_2019_OP09_016.h5
./cncdata/data/M03/OP09/good/M03_Aug_2019_OP09_015.h5
./cncdata/data/M03/OP09/good/M03_Aug_2019_OP09_014.h5
./cncdata/data/M03/OP09/good/M03_Aug_2019_OP09_013.h5
./cncdata/data/M03/OP09/good/M03_Aug_2019_OP09_012.h5
./cncdata/data/M03/OP09/good/M03_Aug_2019_OP09_011.h5
./cncdata/data/M03/OP09/good/M03_Aug_2019_OP09_010.h5
./cncdata/data/M03/OP09/good/M03_Aug_2019_OP09_009.h5
./cncdata/data/M03/OP09/good/M03_Aug_2019_OP09_008.h5
./cncdata/data/M03/OP09/good/M03_Aug_2019_OP09_007.h5
./cncdata/data/M03/OP09/good/M03_Aug_2019_OP09_006.h5
./cncdata/data/M03/OP09/good/M03_Aug_2019_OP09_005.h5
./cncdata/data/M03/OP09/good/M03_Aug_2019_OP09_004.h5
./cncdata/data/M03/OP09/good/M03_Aug_2019_OP09_003.h5
./cncdata/data/M03/OP09/good/M03_Aug_2019_OP09_002.h5
./cncdata/data/M03/OP09/good/M03_Aug_2019_OP09_001.h5
./cncdata/data/M03/OP09/good/M03_Aug_2019_OP09_000.h5
./cncdata/data/M03/OP06/good/M03_Feb_2021_OP06_005.h5
./cncdata/data/M03/OP06/good/M03_Feb_2021_OP06_004.h5
./cncdata/data/M03/OP06/good/M03_Feb_2021_OP06_003.h5
./cncdata/data/M03/OP06/good/M03_Feb_2021_OP06_002.h5
./cncdata/data/M03/OP06/good/M03_Feb_2021_OP06_001.h5
./cncdata/data/M03/OP06/good/M03_Feb_2021_OP06_000.h5
./cncdata/data/M03/OP06/good/M03_Feb_2020_OP06_009.h5
./cncdata/data/M03/OP06/good/M03_Feb_2020_OP06_005.h5
./cncdata/data/M03/OP06/good/M03_Feb_2020_OP06_004.h5
./cncdata/data/M03/OP06/good/M03_Feb_2020_OP06_003.h5
./cncdata/data/M03/OP06/good/M03_Feb_2020_OP06_002.h5
./cncdata/data/M03/OP06/good/M03_Feb_2020_OP06_001.h5
./cncdata/data/M03/OP06/good/M03_Feb_2020_OP06_000.h5
./cncdata/data/M03/OP06/good/M03_Aug_2021_OP06_003.h5
./cncdata/data/M03/OP06/good/M03_Aug_2021_OP06_002.h5
./cncdata/data/M03/OP06/good/M03_Aug_2021_OP06_001.h5
./cncdata/data/M03/OP06/good/M03_Aug_2021_OP06_000.h5
./cncdata/data/M03/OP06/good/M03_Aug_2019_OP06_018.h5
./cncdata/data/M03/OP06/good/M03_Aug_2019_OP06_017.h5
./cncdata/data/M03/OP06/good/M03_Aug_2019_OP06_016.h5
./cncdata/data/M03/OP06/good/M03_Aug_2019_OP06_015.h5
./cncdata/data/M03/OP06/good/M03_Aug_2019_OP06_014.h5
./cncdata/data/M03/OP06/good/M03_Aug_2019_OP06_013.h5
./cncdata/data/M03/OP06/good/M03_Aug_2019_OP06_012.h5
./cncdata/data/M03/OP06/good/M03_Aug_2019_OP06_011.h5
./cncdata/data/M03/OP06/good/M03_Aug_2019_OP06_010.h5
./cncdata/data/M03/OP06/good/M03_Aug_2019_OP06_009.h5
./cncdata/data/M03/OP06/good/M03_Aug_2019_OP06_008.h5
./cncdata/data/M03/OP06/good/M03_Aug_2019_OP06_007.h5
./cncdata/data/M03/OP06/good/M03_Aug_2019_OP06_005.h5
./cncdata/data/M03/OP06/good/M03_Aug_2019_OP06_004.h5
./cncdata/data/M03/OP06/good/M03_Aug_2019_OP06_003.h5
./cncdata/data/M03/OP06/good/M03_Aug_2019_OP06_002.h5
./cncdata/data/M03/OP06/good/M03_Aug_2019_OP06_001.h5
./cncdata/data/M03/OP06/good/M03_Aug_2019_OP06_000.h5
./cncdata/data/M03/OP03/good/M03_Feb_2021_OP03_004.h5
./cncdata/data/M03/OP03/good/M03_Feb_2021_OP03_002.h5
./cncdata/data/M03/OP03/good/M03_Feb_2021_OP03_001.h5
./cncdata/data/M03/OP03/good/M03_Feb_2021_OP03_000.h5
./cncdata/data/M03/OP03/good/M03_Feb_2020_OP03_004.h5
./cncdata/data/M03/OP03/good/M03_Feb_2020_OP03_003.h5
./cncdata/data/M03/OP03/good/M03_Feb_2020_OP03_002.h5
./cncdata/data/M03/OP03/good/M03_Feb_2020_OP03_001.h5
./cncdata/data/M03/OP03/good/M03_Feb_2020_OP03_000.h5
./cncdata/data/M03/OP03/good/M03_Aug_2020_OP03_001.h5
./cncdata/data/M03/OP03/good/M03_Aug_2020_OP03_000.h5
./cncdata/data/M03/OP03/good/M03_Aug_2019_OP03_001.h5
./cncdata/data/M03/OP03/good/M03_Aug_2019_OP03_000.h5
./cncdata/data/M03/OP04/good/M03_Feb_2021_OP04_004.h5
./cncdata/data/M03/OP04/good/M03_Feb_2021_OP04_003.h5
./cncdata/data/M03/OP04/good/M03_Feb_2021_OP04_002.h5
./cncdata/data/M03/OP04/good/M03_Feb_2021_OP04_001.h5
./cncdata/data/M03/OP04/good/M03_Feb_2021_OP04_000.h5
./cncdata/data/M03/OP04/good/M03_Feb_2020_OP04_010.h5
./cncdata/data/M03/OP04/good/M03_Feb_2020_OP04_009.h5
./cncdata/data/M03/OP04/good/M03_Feb_2020_OP04_008.h5
./cncdata/data/M03/OP04/good/M03_Feb_2020_OP04_007.h5
./cncdata/data/M03/OP04/good/M03_Feb_2020_OP04_006.h5
./cncdata/data/M03/OP04/good/M03_Feb_2020_OP04_005.h5
./cncdata/data/M03/OP04/good/M03_Feb_2020_OP04_004.h5
./cncdata/data/M03/OP04/good/M03_Feb_2020_OP04_003.h5
./cncdata/data/M03/OP04/good/M03_Feb_2020_OP04_002.h5
./cncdata/data/M03/OP04/good/M03_Feb_2020_OP04_001.h5
./cncdata/data/M03/OP04/good/M03_Feb_2020_OP04_000.h5
./cncdata/data/M03/OP04/good/M03_Aug_2021_OP04_001.h5
./cncdata/data/M03/OP04/good/M03_Aug_2021_OP04_000.h5
./cncdata/data/M03/OP04/good/M03_Aug_2020_OP04_003.h5
./cncdata/data/M03/OP04/good/M03_Aug_2020_OP04_002.h5
./cncdata/data/M03/OP04/good/M03_Aug_2020_OP04_001.h5
./cncdata/data/M03/OP04/good/M03_Aug_2020_OP04_000.h5
./cncdata/data/M03/OP04/good/M03_Aug_2019_OP04_019.h5
./cncdata/data/M03/OP04/good/M03_Aug_2019_OP04_018.h5
./cncdata/data/M03/OP04/good/M03_Aug_2019_OP04_017.h5
./cncdata/data/M03/OP04/good/M03_Aug_2019_OP04_016.h5
./cncdata/data/M03/OP04/good/M03_Aug_2019_OP04_015.h5
./cncdata/data/M03/OP04/good/M03_Aug_2019_OP04_014.h5
./cncdata/data/M03/OP04/good/M03_Aug_2019_OP04_013.h5
./cncdata/data/M03/OP04/good/M03_Aug_2019_OP04_012.h5
./cncdata/data/M03/OP04/good/M03_Aug_2019_OP04_011.h5
./cncdata/data/M03/OP04/good/M03_Aug_2019_OP04_010.h5
./cncdata/data/M03/OP04/good/M03_Aug_2019_OP04_009.h5
./cncdata/data/M03/OP04/good/M03_Aug_2019_OP04_008.h5
./cncdata/data/M03/OP04/good/M03_Aug_2019_OP04_007.h5
./cncdata/data/M03/OP04/good/M03_Aug_2019_OP04_006.h5
./cncdata/data/M03/OP04/good/M03_Aug_2019_OP04_005.h5
./cncdata/data/M03/OP04/good/M03_Aug_2019_OP04_004.h5
./cncdata/data/M03/OP04/good/M03_Aug_2019_OP04_003.h5
./cncdata/data/M03/OP04/good/M03_Aug_2019_OP04_002.h5
./cncdata/data/M03/OP04/good/M03_Aug_2019_OP04_001.h5
./cncdata/data/M03/OP04/good/M03_Aug_2019_OP04_000.h5
./cncdata/data/M03/OP04/bad/M03_Feb_2021_OP04_000.h5
./cncdata/data/M03/OP04/bad/M03_Aug_2019_OP04_000.h5
./cncdata/data/M03/OP11/good/M03_Feb_2020_OP11_002.h5
./cncdata/data/M03/OP11/good/M03_Feb_2020_OP11_001.h5
./cncdata/data/M03/OP11/good/M03_Feb_2020_OP11_000.h5
./cncdata/data/M03/OP11/good/M03_Aug_2019_OP11_016.h5
./cncdata/data/M03/OP11/good/M03_Aug_2019_OP11_015.h5
./cncdata/data/M03/OP11/good/M03_Aug_2019_OP11_014.h5
./cncdata/data/M03/OP11/good/M03_Aug_2019_OP11_013.h5
./cncdata/data/M03/OP11/good/M03_Aug_2019_OP11_012.h5
./cncdata/data/M03/OP11/good/M03_Aug_2019_OP11_011.h5
./cncdata/data/M03/OP11/good/M03_Aug_2019_OP11_010.h5
./cncdata/data/M03/OP11/good/M03_Aug_2019_OP11_009.h5
./cncdata/data/M03/OP11/good/M03_Aug_2019_OP11_008.h5
./cncdata/data/M03/OP11/good/M03_Aug_2019_OP11_007.h5
./cncdata/data/M03/OP11/good/M03_Aug_2019_OP11_006.h5
./cncdata/data/M03/OP11/good/M03_Aug_2019_OP11_005.h5
./cncdata/data/M03/OP11/good/M03_Aug_2019_OP11_004.h5
./cncdata/data/M03/OP11/good/M03_Aug_2019_OP11_003.h5
./cncdata/data/M03/OP11/good/M03_Aug_2019_OP11_002.h5
./cncdata/data/M03/OP11/good/M03_Aug_2019_OP11_001.h5
./cncdata/data/M03/OP11/good/M03_Aug_2019_OP11_000.h5
./cncdata/data/M03/OP12/good/M03_Feb_2021_OP12_005.h5
./cncdata/data/M03/OP12/good/M03_Feb_2021_OP12_004.h5
./cncdata/data/M03/OP12/good/M03_Feb_2021_OP12_003.h5
./cncdata/data/M03/OP12/good/M03_Feb_2021_OP12_002.h5
./cncdata/data/M03/OP12/good/M03_Feb_2021_OP12_001.h5
./cncdata/data/M03/OP12/good/M03_Feb_2021_OP12_000.h5
./cncdata/data/M03/OP12/good/M03_Feb_2020_OP12_009.h5
./cncdata/data/M03/OP12/good/M03_Feb_2020_OP12_008.h5
./cncdata/data/M03/OP12/good/M03_Feb_2020_OP12_007.h5
./cncdata/data/M03/OP12/good/M03_Feb_2020_OP12_006.h5
./cncdata/data/M03/OP12/good/M03_Feb_2020_OP12_005.h5
./cncdata/data/M03/OP12/good/M03_Feb_2020_OP12_004.h5
./cncdata/data/M03/OP12/good/M03_Feb_2020_OP12_003.h5
./cncdata/data/M03/OP12/good/M03_Feb_2020_OP12_002.h5
./cncdata/data/M03/OP12/good/M03_Feb_2020_OP12_001.h5
./cncdata/data/M03/OP12/good/M03_Feb_2020_OP12_000.h5
./cncdata/data/M03/OP12/good/M03_Aug_2021_OP12_003.h5
./cncdata/data/M03/OP12/good/M03_Aug_2021_OP12_002.h5
./cncdata/data/M03/OP12/good/M03_Aug_2021_OP12_001.h5
./cncdata/data/M03/OP12/good/M03_Aug_2021_OP12_000.h5
./cncdata/data/M03/OP12/good/M03_Aug_2020_OP12_001.h5
./cncdata/data/M03/OP12/good/M03_Aug_2020_OP12_000.h5
./cncdata/data/M03/OP12/good/M03_Aug_2019_OP12_019.h5
./cncdata/data/M03/OP12/good/M03_Aug_2019_OP12_018.h5
./cncdata/data/M03/OP12/good/M03_Aug_2019_OP12_017.h5
./cncdata/data/M03/OP12/good/M03_Aug_2019_OP12_016.h5
./cncdata/data/M03/OP12/good/M03_Aug_2019_OP12_015.h5
./cncdata/data/M03/OP12/good/M03_Aug_2019_OP12_014.h5
./cncdata/data/M03/OP12/good/M03_Aug_2019_OP12_013.h5
./cncdata/data/M03/OP12/good/M03_Aug_2019_OP12_012.h5
./cncdata/data/M03/OP12/good/M03_Aug_2019_OP12_011.h5
./cncdata/data/M03/OP12/good/M03_Aug_2019_OP12_010.h5
./cncdata/data/M03/OP12/good/M03_Aug_2019_OP12_009.h5
./cncdata/data/M03/OP12/good/M03_Aug_2019_OP12_008.h5
./cncdata/data/M03/OP12/good/M03_Aug_2019_OP12_007.h5
./cncdata/data/M03/OP12/good/M03_Aug_2019_OP12_006.h5
./cncdata/data/M03/OP12/good/M03_Aug_2019_OP12_005.h5
./cncdata/data/M03/OP12/good/M03_Aug_2019_OP12_004.h5
./cncdata/data/M03/OP12/good/M03_Aug_2019_OP12_003.h5
./cncdata/data/M03/OP12/good/M03_Aug_2019_OP12_002.h5
./cncdata/data/M03/OP12/good/M03_Aug_2019_OP12_001.h5
./cncdata/data/M03/OP12/good/M03_Aug_2019_OP12_000.h5
./cncdata/data/M03/OP10/good/M03_Feb_2021_OP10_003.h5
./cncdata/data/M03/OP10/good/M03_Feb_2021_OP10_002.h5
./cncdata/data/M03/OP10/good/M03_Feb_2021_OP10_001.h5
./cncdata/data/M03/OP10/good/M03_Feb_2021_OP10_000.h5
./cncdata/data/M03/OP10/good/M03_Feb_2020_OP10_009.h5
./cncdata/data/M03/OP10/good/M03_Feb_2020_OP10_008.h5
./cncdata/data/M03/OP10/good/M03_Feb_2020_OP10_007.h5
./cncdata/data/M03/OP10/good/M03_Feb_2020_OP10_006.h5
./cncdata/data/M03/OP10/good/M03_Feb_2020_OP10_005.h5
./cncdata/data/M03/OP10/good/M03_Feb_2020_OP10_004.h5
./cncdata/data/M03/OP10/good/M03_Feb_2020_OP10_003.h5
./cncdata/data/M03/OP10/good/M03_Feb_2020_OP10_002.h5
./cncdata/data/M03/OP10/good/M03_Feb_2020_OP10_001.h5
./cncdata/data/M03/OP10/good/M03_Feb_2020_OP10_000.h5
./cncdata/data/M03/OP10/good/M03_Aug_2021_OP10_001.h5
./cncdata/data/M03/OP10/good/M03_Aug_2021_OP10_000.h5
./cncdata/data/M03/OP10/good/M03_Aug_2020_OP10_002.h5
./cncdata/data/M03/OP10/good/M03_Aug_2020_OP10_001.h5
./cncdata/data/M03/OP10/good/M03_Aug_2020_OP10_000.h5
./cncdata/data/M03/OP10/good/M03_Aug_2019_OP10_019.h5
./cncdata/data/M03/OP10/good/M03_Aug_2019_OP10_018.h5
./cncdata/data/M03/OP10/good/M03_Aug_2019_OP10_017.h5
./cncdata/data/M03/OP10/good/M03_Aug_2019_OP10_016.h5
./cncdata/data/M03/OP10/good/M03_Aug_2019_OP10_015.h5
./cncdata/data/M03/OP10/good/M03_Aug_2019_OP10_014.h5
./cncdata/data/M03/OP10/good/M03_Aug_2019_OP10_013.h5
./cncdata/data/M03/OP10/good/M03_Aug_2019_OP10_012.h5
./cncdata/data/M03/OP10/good/M03_Aug_2019_OP10_011.h5
./cncdata/data/M03/OP10/good/M03_Aug_2019_OP10_010.h5
./cncdata/data/M03/OP10/good/M03_Aug_2019_OP10_009.h5
./cncdata/data/M03/OP10/good/M03_Aug_2019_OP10_008.h5
./cncdata/data/M03/OP10/good/M03_Aug_2019_OP10_007.h5
./cncdata/data/M03/OP10/good/M03_Aug_2019_OP10_006.h5
./cncdata/data/M03/OP10/good/M03_Aug_2019_OP10_005.h5
./cncdata/data/M03/OP10/good/M03_Aug_2019_OP10_004.h5
./cncdata/data/M03/OP10/good/M03_Aug_2019_OP10_003.h5
./cncdata/data/M03/OP10/good/M03_Aug_2019_OP10_002.h5
./cncdata/data/M03/OP10/good/M03_Aug_2019_OP10_001.h5
./cncdata/data/M03/OP10/good/M03_Aug_2019_OP10_000.h5
./cncdata/data/M03/OP10/bad/M03_Aug_2021_OP10_000.h5
./cncdata/data/M03/OP02/good/M03_Feb_2021_OP02_005.h5
./cncdata/data/M03/OP02/good/M03_Feb_2021_OP02_004.h5
./cncdata/data/M03/OP02/good/M03_Feb_2021_OP02_003.h5
./cncdata/data/M03/OP02/good/M03_Feb_2021_OP02_002.h5
./cncdata/data/M03/OP02/good/M03_Feb_2021_OP02_001.h5
./cncdata/data/M03/OP02/good/M03_Feb_2021_OP02_000.h5
./cncdata/data/M03/OP02/good/M03_Feb_2020_OP02_013.h5
./cncdata/data/M03/OP02/good/M03_Feb_2020_OP02_012.h5
./cncdata/data/M03/OP02/good/M03_Feb_2020_OP02_011.h5
./cncdata/data/M03/OP02/good/M03_Feb_2020_OP02_010.h5
./cncdata/data/M03/OP02/good/M03_Feb_2020_OP02_009.h5
./cncdata/data/M03/OP02/good/M03_Feb_2020_OP02_008.h5
./cncdata/data/M03/OP02/good/M03_Feb_2020_OP02_007.h5
./cncdata/data/M03/OP02/good/M03_Feb_2020_OP02_006.h5
./cncdata/data/M03/OP02/good/M03_Feb_2020_OP02_005.h5
./cncdata/data/M03/OP02/good/M03_Feb_2020_OP02_004.h5
./cncdata/data/M03/OP02/good/M03_Feb_2020_OP02_003.h5
./cncdata/data/M03/OP02/good/M03_Feb_2020_OP02_002.h5
./cncdata/data/M03/OP02/good/M03_Feb_2020_OP02_001.h5
./cncdata/data/M03/OP02/good/M03_Feb_2020_OP02_000.h5
./cncdata/data/M03/OP02/good/M03_Aug_2021_OP02_004.h5
./cncdata/data/M03/OP02/good/M03_Aug_2021_OP02_003.h5
./cncdata/data/M03/OP02/good/M03_Aug_2021_OP02_002.h5
./cncdata/data/M03/OP02/good/M03_Aug_2021_OP02_001.h5
./cncdata/data/M03/OP02/good/M03_Aug_2021_OP02_000.h5
./cncdata/data/M03/OP02/good/M03_Aug_2020_OP02_003.h5
./cncdata/data/M03/OP02/good/M03_Aug_2020_OP02_002.h5
./cncdata/data/M03/OP02/good/M03_Aug_2020_OP02_001.h5
./cncdata/data/M03/OP02/good/M03_Aug_2020_OP02_000.h5
./cncdata/data/M03/OP02/good/M03_Aug_2019_OP02_021.h5
./cncdata/data/M03/OP02/good/M03_Aug_2019_OP02_020.h5
./cncdata/data/M03/OP02/good/M03_Aug_2019_OP02_019.h5
./cncdata/data/M03/OP02/good/M03_Aug_2019_OP02_018.h5
./cncdata/data/M03/OP02/good/M03_Aug_2019_OP02_017.h5
./cncdata/data/M03/OP02/good/M03_Aug_2019_OP02_016.h5
./cncdata/data/M03/OP02/good/M03_Aug_2019_OP02_015.h5
./cncdata/data/M03/OP02/good/M03_Aug_2019_OP02_014.h5
./cncdata/data/M03/OP02/good/M03_Aug_2019_OP02_013.h5
./cncdata/data/M03/OP02/good/M03_Aug_2019_OP02_012.h5
./cncdata/data/M03/OP02/good/M03_Aug_2019_OP02_011.h5
./cncdata/data/M03/OP02/good/M03_Aug_2019_OP02_010.h5
./cncdata/data/M03/OP02/good/M03_Aug_2019_OP02_009.h5
./cncdata/data/M03/OP02/good/M03_Aug_2019_OP02_008.h5
./cncdata/data/M03/OP02/good/M03_Aug_2019_OP02_007.h5
./cncdata/data/M03/OP02/good/M03_Aug_2019_OP02_006.h5
./cncdata/data/M03/OP02/good/M03_Aug_2019_OP02_005.h5
./cncdata/data/M03/OP02/good/M03_Aug_2019_OP02_004.h5
./cncdata/data/M03/OP02/good/M03_Aug_2019_OP02_003.h5
./cncdata/data/M03/OP02/good/M03_Aug_2019_OP02_002.h5
./cncdata/data/M03/OP02/good/M03_Aug_2019_OP02_001.h5
./cncdata/data/M03/OP02/good/M03_Aug_2019_OP02_000.h5
./cncdata/data/M03/OP02/bad/M03_Feb_2021_OP02_000.h5
./cncdata/data/M03/OP08/good/M03_Feb_2021_OP08_003.h5
./cncdata/data/M03/OP08/good/M03_Feb_2021_OP08_002.h5
./cncdata/data/M03/OP08/good/M03_Feb_2021_OP08_001.h5
./cncdata/data/M03/OP08/good/M03_Feb_2021_OP08_000.h5
./cncdata/data/M03/OP08/good/M03_Feb_2020_OP08_009.h5
./cncdata/data/M03/OP08/good/M03_Feb_2020_OP08_008.h5
./cncdata/data/M03/OP08/good/M03_Feb_2020_OP08_007.h5
./cncdata/data/M03/OP08/good/M03_Feb_2020_OP08_006.h5
./cncdata/data/M03/OP08/good/M03_Feb_2020_OP08_005.h5
./cncdata/data/M03/OP08/good/M03_Feb_2020_OP08_004.h5
./cncdata/data/M03/OP08/good/M03_Feb_2020_OP08_003.h5
./cncdata/data/M03/OP08/good/M03_Feb_2020_OP08_002.h5
./cncdata/data/M03/OP08/good/M03_Feb_2020_OP08_001.h5
./cncdata/data/M03/OP08/good/M03_Feb_2020_OP08_000.h5
./cncdata/data/M03/OP08/good/M03_Aug_2021_OP08_001.h5
./cncdata/data/M03/OP08/good/M03_Aug_2021_OP08_000.h5
./cncdata/data/M03/OP08/good/M03_Aug_2020_OP08_001.h5
./cncdata/data/M03/OP08/good/M03_Aug_2020_OP08_000.h5
./cncdata/data/M03/OP08/good/M03_Aug_2019_OP08_020.h5
./cncdata/data/M03/OP08/good/M03_Aug_2019_OP08_019.h5
./cncdata/data/M03/OP08/good/M03_Aug_2019_OP08_018.h5
./cncdata/data/M03/OP08/good/M03_Aug_2019_OP08_017.h5
./cncdata/data/M03/OP08/good/M03_Aug_2019_OP08_016.h5
./cncdata/data/M03/OP08/good/M03_Aug_2019_OP08_015.h5
./cncdata/data/M03/OP08/good/M03_Aug_2019_OP08_014.h5
./cncdata/data/M03/OP08/good/M03_Aug_2019_OP08_013.h5
./cncdata/data/M03/OP08/good/M03_Aug_2019_OP08_012.h5
./cncdata/data/M03/OP08/good/M03_Aug_2019_OP08_011.h5
./cncdata/data/M03/OP08/good/M03_Aug_2019_OP08_010.h5
./cncdata/data/M03/OP08/good/M03_Aug_2019_OP08_009.h5
./cncdata/data/M03/OP08/good/M03_Aug_2019_OP08_008.h5
./cncdata/data/M03/OP08/good/M03_Aug_2019_OP08_007.h5
./cncdata/data/M03/OP08/good/M03_Aug_2019_OP08_006.h5
./cncdata/data/M03/OP08/good/M03_Aug_2019_OP08_005.h5
./cncdata/data/M03/OP08/good/M03_Aug_2019_OP08_004.h5
./cncdata/data/M03/OP08/good/M03_Aug_2019_OP08_003.h5
./cncdata/data/M03/OP08/good/M03_Aug_2019_OP08_002.h5
./cncdata/data/M03/OP08/good/M03_Aug_2019_OP08_001.h5
./cncdata/data/M03/OP08/good/M03_Aug_2019_OP08_000.h5
./cncdata/data/M03/OP13/good/M03_Feb_2021_OP13_002.h5
./cncdata/data/M03/OP13/good/M03_Feb_2021_OP13_001.h5
./cncdata/data/M03/OP13/good/M03_Feb_2021_OP13_000.h5
./cncdata/data/M03/OP13/good/M03_Feb_2020_OP13_013.h5
./cncdata/data/M03/OP13/good/M03_Feb_2020_OP13_012.h5
./cncdata/data/M03/OP13/good/M03_Feb_2020_OP13_011.h5
./cncdata/data/M03/OP13/good/M03_Feb_2020_OP13_010.h5
./cncdata/data/M03/OP13/good/M03_Feb_2020_OP13_009.h5
./cncdata/data/M03/OP13/good/M03_Feb_2020_OP13_008.h5
./cncdata/data/M03/OP13/good/M03_Feb_2020_OP13_007.h5
./cncdata/data/M03/OP13/good/M03_Feb_2020_OP13_006.h5
./cncdata/data/M03/OP13/good/M03_Feb_2020_OP13_005.h5
./cncdata/data/M03/OP13/good/M03_Feb_2020_OP13_004.h5
./cncdata/data/M03/OP13/good/M03_Feb_2020_OP13_003.h5
./cncdata/data/M03/OP13/good/M03_Feb_2020_OP13_002.h5
./cncdata/data/M03/OP13/good/M03_Feb_2020_OP13_001.h5
./cncdata/data/M03/OP13/good/M03_Feb_2020_OP13_000.h5
./cncdata/data/M03/OP13/good/M03_Aug_2021_OP13_004.h5
./cncdata/data/M03/OP13/good/M03_Aug_2021_OP13_003.h5
./cncdata/data/M03/OP13/good/M03_Aug_2021_OP13_002.h5
./cncdata/data/M03/OP13/good/M03_Aug_2021_OP13_001.h5
./cncdata/data/M03/OP13/good/M03_Aug_2021_OP13_000.h5
./cncdata/data/M03/OP13/good/M03_Aug_2020_OP13_003.h5
./cncdata/data/M03/OP13/good/M03_Aug_2020_OP13_002.h5
./cncdata/data/M03/OP13/good/M03_Aug_2020_OP13_001.h5
./cncdata/data/M03/OP13/good/M03_Aug_2020_OP13_000.h5
./cncdata/data/M03/OP13/good/M03_Aug_2019_OP13_021.h5
./cncdata/data/M03/OP13/good/M03_Aug_2019_OP13_020.h5
./cncdata/data/M03/OP13/good/M03_Aug_2019_OP13_019.h5
./cncdata/data/M03/OP13/good/M03_Aug_2019_OP13_018.h5
./cncdata/data/M03/OP13/good/M03_Aug_2019_OP13_017.h5
./cncdata/data/M03/OP13/good/M03_Aug_2019_OP13_016.h5
./cncdata/data/M03/OP13/good/M03_Aug_2019_OP13_015.h5
./cncdata/data/M03/OP13/good/M03_Aug_2019_OP13_014.h5
./cncdata/data/M03/OP13/good/M03_Aug_2019_OP13_013.h5
./cncdata/data/M03/OP13/good/M03_Aug_2019_OP13_012.h5
./cncdata/data/M03/OP13/good/M03_Aug_2019_OP13_011.h5
./cncdata/data/M03/OP13/good/M03_Aug_2019_OP13_010.h5
./cncdata/data/M03/OP13/good/M03_Aug_2019_OP13_009.h5
./cncdata/data/M03/OP13/good/M03_Aug_2019_OP13_008.h5
./cncdata/data/M03/OP13/good/M03_Aug_2019_OP13_007.h5
./cncdata/data/M03/OP13/good/M03_Aug_2019_OP13_006.h5
./cncdata/data/M03/OP13/good/M03_Aug_2019_OP13_005.h5
./cncdata/data/M03/OP13/good/M03_Aug_2019_OP13_004.h5
./cncdata/data/M03/OP13/good/M03_Aug_2019_OP13_003.h5
./cncdata/data/M03/OP13/good/M03_Aug_2019_OP13_002.h5
./cncdata/data/M03/OP13/good/M03_Aug_2019_OP13_001.h5
./cncdata/data/M03/OP13/good/M03_Aug_2019_OP13_000.h5
./cncdata/data/M03/OP01/good/M03_Feb_2021_OP01_004.h5
./cncdata/data/M03/OP01/good/M03_Feb_2021_OP01_003.h5
./cncdata/data/M03/OP01/good/M03_Feb_2021_OP01_002.h5
./cncdata/data/M03/OP01/good/M03_Feb_2021_OP01_001.h5
./cncdata/data/M03/OP01/good/M03_Feb_2021_OP01_000.h5
./cncdata/data/M03/OP01/good/M03_Feb_2020_OP01_013.h5
./cncdata/data/M03/OP01/good/M03_Feb_2020_OP01_012.h5
./cncdata/data/M03/OP01/good/M03_Feb_2020_OP01_011.h5
./cncdata/data/M03/OP01/good/M03_Feb_2020_OP01_010.h5
./cncdata/data/M03/OP01/good/M03_Feb_2020_OP01_009.h5
./cncdata/data/M03/OP01/good/M03_Feb_2020_OP01_008.h5
./cncdata/data/M03/OP01/good/M03_Feb_2020_OP01_007.h5
./cncdata/data/M03/OP01/good/M03_Feb_2020_OP01_006.h5
./cncdata/data/M03/OP01/good/M03_Feb_2020_OP01_005.h5
./cncdata/data/M03/OP01/good/M03_Feb_2020_OP01_004.h5
./cncdata/data/M03/OP01/good/M03_Feb_2020_OP01_003.h5
./cncdata/data/M03/OP01/good/M03_Feb_2020_OP01_002.h5
./cncdata/data/M03/OP01/good/M03_Feb_2020_OP01_001.h5
./cncdata/data/M03/OP01/good/M03_Feb_2020_OP01_000.h5
./cncdata/data/M03/OP01/good/M03_Aug_2021_OP01_003.h5
./cncdata/data/M03/OP01/good/M03_Aug_2021_OP01_002.h5
./cncdata/data/M03/OP01/good/M03_Aug_2021_OP01_001.h5
./cncdata/data/M03/OP01/good/M03_Aug_2021_OP01_000.h5
./cncdata/data/M03/OP01/good/M03_Aug_2020_OP01_003.h5
./cncdata/data/M03/OP01/good/M03_Aug_2020_OP01_002.h5
./cncdata/data/M03/OP01/good/M03_Aug_2020_OP01_001.h5
./cncdata/data/M03/OP01/good/M03_Aug_2020_OP01_000.h5
./cncdata/data/M03/OP01/good/M03_Aug_2019_OP01_019.h5
./cncdata/data/M03/OP01/good/M03_Aug_2019_OP01_018.h5
./cncdata/data/M03/OP01/good/M03_Aug_2019_OP01_017.h5
./cncdata/data/M03/OP01/good/M03_Aug_2019_OP01_016.h5
./cncdata/data/M03/OP01/good/M03_Aug_2019_OP01_015.h5
./cncdata/data/M03/OP01/good/M03_Aug_2019_OP01_014.h5
./cncdata/data/M03/OP01/good/M03_Aug_2019_OP01_013.h5
./cncdata/data/M03/OP01/good/M03_Aug_2019_OP01_012.h5
./cncdata/data/M03/OP01/good/M03_Aug_2019_OP01_011.h5
./cncdata/data/M03/OP01/good/M03_Aug_2019_OP01_010.h5
./cncdata/data/M03/OP01/good/M03_Aug_2019_OP01_009.h5
./cncdata/data/M03/OP01/good/M03_Aug_2019_OP01_008.h5
./cncdata/data/M03/OP01/good/M03_Aug_2019_OP01_007.h5
./cncdata/data/M03/OP01/good/M03_Aug_2019_OP01_006.h5
./cncdata/data/M03/OP01/good/M03_Aug_2019_OP01_005.h5
./cncdata/data/M03/OP01/good/M03_Aug_2019_OP01_004.h5
./cncdata/data/M03/OP01/good/M03_Aug_2019_OP01_003.h5
./cncdata/data/M03/OP01/good/M03_Aug_2019_OP01_002.h5
./cncdata/data/M03/OP01/good/M03_Aug_2019_OP01_001.h5
./cncdata/data/M03/OP01/good/M03_Aug_2019_OP01_000.h5
./cncdata/data/M03/OP01/bad/M03_Feb_2021_OP01_000.h5
./cncdata/data/M03/OP01/bad/M03_Aug_2019_OP01_000.h5
./cncdata/data/M03/OP07/good/M03_Feb_2021_OP07_005.h5
./cncdata/data/M03/OP07/good/M03_Feb_2021_OP07_004.h5
./cncdata/data/M03/OP07/good/M03_Feb_2021_OP07_003.h5
./cncdata/data/M03/OP07/good/M03_Feb_2021_OP07_002.h5
./cncdata/data/M03/OP07/good/M03_Feb_2021_OP07_001.h5
./cncdata/data/M03/OP07/good/M03_Feb_2021_OP07_000.h5
./cncdata/data/M03/OP07/good/M03_Feb_2020_OP07_013.h5
./cncdata/data/M03/OP07/good/M03_Feb_2020_OP07_012.h5
./cncdata/data/M03/OP07/good/M03_Feb_2020_OP07_011.h5
./cncdata/data/M03/OP07/good/M03_Feb_2020_OP07_010.h5
./cncdata/data/M03/OP07/good/M03_Feb_2020_OP07_009.h5
./cncdata/data/M03/OP07/good/M03_Feb_2020_OP07_008.h5
./cncdata/data/M03/OP07/good/M03_Feb_2020_OP07_007.h5
./cncdata/data/M03/OP07/good/M03_Feb_2020_OP07_006.h5
./cncdata/data/M03/OP07/good/M03_Feb_2020_OP07_005.h5
./cncdata/data/M03/OP07/good/M03_Feb_2020_OP07_004.h5
./cncdata/data/M03/OP07/good/M03_Feb_2020_OP07_003.h5
./cncdata/data/M03/OP07/good/M03_Feb_2020_OP07_002.h5
./cncdata/data/M03/OP07/good/M03_Feb_2020_OP07_001.h5
./cncdata/data/M03/OP07/good/M03_Feb_2020_OP07_000.h5
./cncdata/data/M03/OP07/good/M03_Aug_2021_OP07_004.h5
./cncdata/data/M03/OP07/good/M03_Aug_2021_OP07_003.h5
./cncdata/data/M03/OP07/good/M03_Aug_2021_OP07_002.h5
./cncdata/data/M03/OP07/good/M03_Aug_2021_OP07_001.h5
./cncdata/data/M03/OP07/good/M03_Aug_2021_OP07_000.h5
./cncdata/data/M03/OP07/good/M03_Aug_2020_OP07_005.h5
./cncdata/data/M03/OP07/good/M03_Aug_2020_OP07_004.h5
./cncdata/data/M03/OP07/good/M03_Aug_2020_OP07_003.h5
./cncdata/data/M03/OP07/good/M03_Aug_2020_OP07_002.h5
./cncdata/data/M03/OP07/good/M03_Aug_2020_OP07_001.h5
./cncdata/data/M03/OP07/good/M03_Aug_2020_OP07_000.h5
./cncdata/data/M03/OP07/good/M03_Aug_2019_OP07_021.h5
./cncdata/data/M03/OP07/good/M03_Aug_2019_OP07_020.h5
./cncdata/data/M03/OP07/good/M03_Aug_2019_OP07_019.h5
./cncdata/data/M03/OP07/good/M03_Aug_2019_OP07_018.h5
./cncdata/data/M03/OP07/good/M03_Aug_2019_OP07_017.h5
./cncdata/data/M03/OP07/good/M03_Aug_2019_OP07_016.h5
./cncdata/data/M03/OP07/good/M03_Aug_2019_OP07_015.h5
./cncdata/data/M03/OP07/good/M03_Aug_2019_OP07_014.h5
./cncdata/data/M03/OP07/good/M03_Aug_2019_OP07_013.h5
./cncdata/data/M03/OP07/good/M03_Aug_2019_OP07_012.h5
./cncdata/data/M03/OP07/good/M03_Aug_2019_OP07_011.h5
./cncdata/data/M03/OP07/good/M03_Aug_2019_OP07_010.h5
./cncdata/data/M03/OP07/good/M03_Aug_2019_OP07_009.h5
./cncdata/data/M03/OP07/good/M03_Aug_2019_OP07_008.h5
./cncdata/data/M03/OP07/good/M03_Aug_2019_OP07_007.h5
./cncdata/data/M03/OP07/good/M03_Aug_2019_OP07_006.h5
./cncdata/data/M03/OP07/good/M03_Aug_2019_OP07_005.h5
./cncdata/data/M03/OP07/good/M03_Aug_2019_OP07_004.h5
./cncdata/data/M03/OP07/good/M03_Aug_2019_OP07_003.h5
./cncdata/data/M03/OP07/good/M03_Aug_2019_OP07_002.h5
./cncdata/data/M03/OP07/good/M03_Aug_2019_OP07_001.h5
./cncdata/data/M03/OP07/good/M03_Aug_2019_OP07_000.h5
./cncdata/data/M03/OP07/bad/M03_Feb_2021_OP07_000.h5
./cncdata/data/M03/OP07/bad/M03_Aug_2021_OP07_000.h5
./cncdata/data/M03/OP07/bad/M03_Aug_2019_OP07_000.h5
./cncdata/data/M03/OP05/good/M03_Feb_2021_OP05_003.h5
./cncdata/data/M03/OP05/good/M03_Feb_2021_OP05_002.h5
./cncdata/data/M03/OP05/good/M03_Feb_2021_OP05_001.h5
./cncdata/data/M03/OP05/good/M03_Feb_2021_OP05_000.h5
./cncdata/data/M03/OP05/good/M03_Feb_2020_OP05_006.h5
./cncdata/data/M03/OP05/good/M03_Feb_2020_OP05_005.h5
./cncdata/data/M03/OP05/good/M03_Feb_2020_OP05_004.h5
./cncdata/data/M03/OP05/good/M03_Feb_2020_OP05_003.h5
./cncdata/data/M03/OP05/good/M03_Feb_2020_OP05_002.h5
./cncdata/data/M03/OP05/good/M03_Feb_2020_OP05_001.h5
./cncdata/data/M03/OP05/good/M03_Feb_2020_OP05_000.h5
./cncdata/data/M03/OP05/good/M03_Aug_2021_OP05_001.h5
./cncdata/data/M03/OP05/good/M03_Aug_2021_OP05_000.h5
./cncdata/data/M03/OP05/good/M03_Aug_2020_OP05_003.h5
./cncdata/data/M03/OP05/good/M03_Aug_2020_OP05_002.h5
./cncdata/data/M03/OP05/good/M03_Aug_2020_OP05_001.h5
./cncdata/data/M03/OP05/good/M03_Aug_2020_OP05_000.h5
./cncdata/data/M03/OP05/good/M03_Aug_2019_OP05_020.h5
./cncdata/data/M03/OP05/good/M03_Aug_2019_OP05_019.h5
./cncdata/data/M03/OP05/good/M03_Aug_2019_OP05_018.h5
./cncdata/data/M03/OP05/good/M03_Aug_2019_OP05_017.h5
./cncdata/data/M03/OP05/good/M03_Aug_2019_OP05_016.h5
./cncdata/data/M03/OP05/good/M03_Aug_2019_OP05_015.h5
./cncdata/data/M03/OP05/good/M03_Aug_2019_OP05_014.h5
./cncdata/data/M03/OP05/good/M03_Aug_2019_OP05_013.h5
./cncdata/data/M03/OP05/good/M03_Aug_2019_OP05_012.h5
./cncdata/data/M03/OP05/good/M03_Aug_2019_OP05_011.h5
./cncdata/data/M03/OP05/good/M03_Aug_2019_OP05_010.h5
./cncdata/data/M03/OP05/good/M03_Aug_2019_OP05_009.h5
./cncdata/data/M03/OP05/good/M03_Aug_2019_OP05_008.h5
./cncdata/data/M03/OP05/good/M03_Aug_2019_OP05_007.h5
./cncdata/data/M03/OP05/good/M03_Aug_2019_OP05_006.h5
./cncdata/data/M03/OP05/good/M03_Aug_2019_OP05_005.h5
./cncdata/data/M03/OP05/good/M03_Aug_2019_OP05_004.h5
./cncdata/data/M03/OP05/good/M03_Aug_2019_OP05_003.h5
./cncdata/data/M03/OP05/good/M03_Aug_2019_OP05_002.h5
./cncdata/data/M03/OP05/good/M03_Aug_2019_OP05_001.h5
./cncdata/data/M03/OP05/good/M03_Aug_2019_OP05_000.h5
